SLF4J: Class path contains multiple SLF4J bindings.
SLF4J: Found binding in [jar:file:/services/hadoop/share/hadoop/common/lib/slf4j-log4j12-1.7.25.jar!/org/slf4j/impl/StaticLoggerBinder.class]
SLF4J: Found binding in [jar:file:/services/hbase/lib/client-facing-thirdparty/slf4j-log4j12-1.7.25.jar!/org/slf4j/impl/StaticLoggerBinder.class]
SLF4J: See http://www.slf4j.org/codes.html#multiple_bindings for an explanation.
SLF4J: Actual binding is of type [org.slf4j.impl.Log4jLoggerFactory]
Process Thread Dump: Thread dump because: Master not active after 300000ms
83 active threads
Thread 208 (Thread-39):
  State: TIMED_WAITING
  Blocked count: 0
  Waited count: 298
  Stack:
    java.lang.Object.wait(Native Method)
    org.apache.hadoop.hdfs.DFSOutputStream$DataStreamer.run(DFSOutputStream.java:523)
Thread 188 (Idle-Rpc-Conn-Sweeper-pool2-t1):
  State: WAITING
  Blocked count: 0
  Waited count: 2
  Waiting on java.util.concurrent.locks.AbstractQueuedSynchronizer$ConditionObject@6242ae3b
  Stack:
    sun.misc.Unsafe.park(Native Method)
    java.util.concurrent.locks.LockSupport.park(LockSupport.java:175)
    java.util.concurrent.locks.AbstractQueuedSynchronizer$ConditionObject.await(AbstractQueuedSynchronizer.java:2039)
    java.util.concurrent.ScheduledThreadPoolExecutor$DelayedWorkQueue.take(ScheduledThreadPoolExecutor.java:1081)
    java.util.concurrent.ScheduledThreadPoolExecutor$DelayedWorkQueue.take(ScheduledThreadPoolExecutor.java:809)
    java.util.concurrent.ThreadPoolExecutor.getTask(ThreadPoolExecutor.java:1074)
    java.util.concurrent.ThreadPoolExecutor.runWorker(ThreadPoolExecutor.java:1134)
    java.util.concurrent.ThreadPoolExecutor$Worker.run(ThreadPoolExecutor.java:624)
    java.lang.Thread.run(Thread.java:748)
Thread 183 (Thread-37):
  State: TIMED_WAITING
  Blocked count: 0
  Waited count: 298
  Stack:
    java.lang.Object.wait(Native Method)
    org.apache.hadoop.hdfs.DFSOutputStream$DataStreamer.run(DFSOutputStream.java:523)
Thread 173 (org.apache.hadoop.hdfs.PeerCache@6c88d5b):
  State: TIMED_WAITING
  Blocked count: 0
  Waited count: 100
  Stack:
    java.lang.Thread.sleep(Native Method)
    org.apache.hadoop.hdfs.PeerCache.run(PeerCache.java:255)
    org.apache.hadoop.hdfs.PeerCache.access$000(PeerCache.java:46)
    org.apache.hadoop.hdfs.PeerCache$1.run(PeerCache.java:124)
    java.lang.Thread.run(Thread.java:748)
Thread 169 (LeaseRenewer:hadoop@hadoopmaster:9000):
  State: TIMED_WAITING
  Blocked count: 9
  Waited count: 318
  Stack:
    java.lang.Thread.sleep(Native Method)
    org.apache.hadoop.hdfs.LeaseRenewer.run(LeaseRenewer.java:444)
    org.apache.hadoop.hdfs.LeaseRenewer.access$700(LeaseRenewer.java:71)
    org.apache.hadoop.hdfs.LeaseRenewer$1.run(LeaseRenewer.java:304)
    java.lang.Thread.run(Thread.java:748)
Thread 167 (IPC Parameter Sending Thread #0):
  State: TIMED_WAITING
  Blocked count: 0
  Waited count: 106
  Stack:
    sun.misc.Unsafe.park(Native Method)
    java.util.concurrent.locks.LockSupport.parkNanos(LockSupport.java:215)
    java.util.concurrent.SynchronousQueue$TransferStack.awaitFulfill(SynchronousQueue.java:460)
    java.util.concurrent.SynchronousQueue$TransferStack.transfer(SynchronousQueue.java:362)
    java.util.concurrent.SynchronousQueue.poll(SynchronousQueue.java:941)
    java.util.concurrent.ThreadPoolExecutor.getTask(ThreadPoolExecutor.java:1073)
    java.util.concurrent.ThreadPoolExecutor.runWorker(ThreadPoolExecutor.java:1134)
    java.util.concurrent.ThreadPoolExecutor$Worker.run(ThreadPoolExecutor.java:624)
    java.lang.Thread.run(Thread.java:748)
Thread 163 (Monitor thread for TaskMonitor):
  State: TIMED_WAITING
  Blocked count: 0
  Waited count: 30
  Stack:
    java.lang.Thread.sleep(Native Method)
    org.apache.hadoop.hbase.monitoring.TaskMonitor$MonitorRunnable.run(TaskMonitor.java:302)
    java.lang.Thread.run(Thread.java:748)
Thread 160 (org.eclipse.jetty.server.session.HashSessionManager@fe7b6b0Timer):
  State: TIMED_WAITING
  Blocked count: 0
  Waited count: 11
  Stack:
    sun.misc.Unsafe.park(Native Method)
    java.util.concurrent.locks.LockSupport.parkNanos(LockSupport.java:215)
    java.util.concurrent.locks.AbstractQueuedSynchronizer$ConditionObject.awaitNanos(AbstractQueuedSynchronizer.java:2078)
    java.util.concurrent.ScheduledThreadPoolExecutor$DelayedWorkQueue.take(ScheduledThreadPoolExecutor.java:1093)
    java.util.concurrent.ScheduledThreadPoolExecutor$DelayedWorkQueue.take(ScheduledThreadPoolExecutor.java:809)
    java.util.concurrent.ThreadPoolExecutor.getTask(ThreadPoolExecutor.java:1074)
    java.util.concurrent.ThreadPoolExecutor.runWorker(ThreadPoolExecutor.java:1134)
    java.util.concurrent.ThreadPoolExecutor$Worker.run(ThreadPoolExecutor.java:624)
    java.lang.Thread.run(Thread.java:748)
Thread 159 (qtp2106609649-159):
  State: TIMED_WAITING
  Blocked count: 0
  Waited count: 9
  Stack:
    sun.misc.Unsafe.park(Native Method)
    java.util.concurrent.locks.LockSupport.parkNanos(LockSupport.java:215)
    java.util.concurrent.locks.AbstractQueuedSynchronizer$ConditionObject.awaitNanos(AbstractQueuedSynchronizer.java:2078)
    org.eclipse.jetty.util.BlockingArrayQueue.poll(BlockingArrayQueue.java:392)
    org.eclipse.jetty.util.thread.QueuedThreadPool.idleJobPoll(QueuedThreadPool.java:563)
    org.eclipse.jetty.util.thread.QueuedThreadPool.access$800(QueuedThreadPool.java:48)
    org.eclipse.jetty.util.thread.QueuedThreadPool$2.run(QueuedThreadPool.java:626)
    java.lang.Thread.run(Thread.java:748)
Thread 158 (qtp2106609649-158):
  State: TIMED_WAITING
  Blocked count: 0
  Waited count: 9
  Stack:
    sun.misc.Unsafe.park(Native Method)
    java.util.concurrent.locks.LockSupport.parkNanos(LockSupport.java:215)
    java.util.concurrent.locks.AbstractQueuedSynchronizer$ConditionObject.awaitNanos(AbstractQueuedSynchronizer.java:2078)
    org.eclipse.jetty.util.BlockingArrayQueue.poll(BlockingArrayQueue.java:392)
    org.eclipse.jetty.util.thread.QueuedThreadPool.idleJobPoll(QueuedThreadPool.java:563)
    org.eclipse.jetty.util.thread.QueuedThreadPool.access$800(QueuedThreadPool.java:48)
    org.eclipse.jetty.util.thread.QueuedThreadPool$2.run(QueuedThreadPool.java:626)
    java.lang.Thread.run(Thread.java:748)
Thread 157 (qtp2106609649-157):
  State: TIMED_WAITING
  Blocked count: 0
  Waited count: 9
  Stack:
    sun.misc.Unsafe.park(Native Method)
    java.util.concurrent.locks.LockSupport.parkNanos(LockSupport.java:215)
    java.util.concurrent.locks.AbstractQueuedSynchronizer$ConditionObject.awaitNanos(AbstractQueuedSynchronizer.java:2078)
    org.eclipse.jetty.util.BlockingArrayQueue.poll(BlockingArrayQueue.java:392)
    org.eclipse.jetty.util.thread.QueuedThreadPool.idleJobPoll(QueuedThreadPool.java:563)
    org.eclipse.jetty.util.thread.QueuedThreadPool.access$800(QueuedThreadPool.java:48)
    org.eclipse.jetty.util.thread.QueuedThreadPool$2.run(QueuedThreadPool.java:626)
    java.lang.Thread.run(Thread.java:748)
Thread 156 (qtp2106609649-156):
  State: TIMED_WAITING
  Blocked count: 0
  Waited count: 9
  Stack:
    sun.misc.Unsafe.park(Native Method)
    java.util.concurrent.locks.LockSupport.parkNanos(LockSupport.java:215)
    java.util.concurrent.locks.AbstractQueuedSynchronizer$ConditionObject.awaitNanos(AbstractQueuedSynchronizer.java:2078)
    org.eclipse.jetty.util.BlockingArrayQueue.poll(BlockingArrayQueue.java:392)
    org.eclipse.jetty.util.thread.QueuedThreadPool.idleJobPoll(QueuedThreadPool.java:563)
    org.eclipse.jetty.util.thread.QueuedThreadPool.access$800(QueuedThreadPool.java:48)
    org.eclipse.jetty.util.thread.QueuedThreadPool$2.run(QueuedThreadPool.java:626)
    java.lang.Thread.run(Thread.java:748)
Thread 155 (qtp2106609649-155):
  State: TIMED_WAITING
  Blocked count: 0
  Waited count: 8
  Stack:
    sun.misc.Unsafe.park(Native Method)
    java.util.concurrent.locks.LockSupport.parkNanos(LockSupport.java:215)
    java.util.concurrent.locks.AbstractQueuedSynchronizer$ConditionObject.awaitNanos(AbstractQueuedSynchronizer.java:2078)
    org.eclipse.jetty.util.BlockingArrayQueue.poll(BlockingArrayQueue.java:392)
    org.eclipse.jetty.util.thread.QueuedThreadPool.idleJobPoll(QueuedThreadPool.java:563)
    org.eclipse.jetty.util.thread.QueuedThreadPool.access$800(QueuedThreadPool.java:48)
    org.eclipse.jetty.util.thread.QueuedThreadPool$2.run(QueuedThreadPool.java:626)
    java.lang.Thread.run(Thread.java:748)
Thread 154 (qtp2106609649-154-acceptor-0@5277aa52-ServerConnector@5cb05e6c{HTTP/1.1,[http/1.1]}{0.0.0.0:16030}):
  State: RUNNABLE
  Blocked count: 0
  Waited count: 1
  Stack:
    sun.nio.ch.ServerSocketChannelImpl.accept0(Native Method)
    sun.nio.ch.ServerSocketChannelImpl.accept(ServerSocketChannelImpl.java:422)
    sun.nio.ch.ServerSocketChannelImpl.accept(ServerSocketChannelImpl.java:250)
    org.eclipse.jetty.server.ServerConnector.accept(ServerConnector.java:371)
    org.eclipse.jetty.server.AbstractConnector$Acceptor.run(AbstractConnector.java:601)
    org.eclipse.jetty.util.thread.QueuedThreadPool.runJob(QueuedThreadPool.java:671)
    org.eclipse.jetty.util.thread.QueuedThreadPool$2.run(QueuedThreadPool.java:589)
    java.lang.Thread.run(Thread.java:748)
Thread 153 (qtp2106609649-153):
  State: RUNNABLE
  Blocked count: 0
  Waited count: 1
  Stack:
    sun.nio.ch.EPollArrayWrapper.epollWait(Native Method)
    sun.nio.ch.EPollArrayWrapper.poll(EPollArrayWrapper.java:269)
    sun.nio.ch.EPollSelectorImpl.doSelect(EPollSelectorImpl.java:93)
    sun.nio.ch.SelectorImpl.lockAndDoSelect(SelectorImpl.java:86)
    sun.nio.ch.SelectorImpl.select(SelectorImpl.java:97)
    sun.nio.ch.SelectorImpl.select(SelectorImpl.java:101)
    org.eclipse.jetty.io.ManagedSelector$SelectorProducer.select(ManagedSelector.java:243)
    org.eclipse.jetty.io.ManagedSelector$SelectorProducer.produce(ManagedSelector.java:191)
    org.eclipse.jetty.util.thread.strategy.ExecuteProduceConsume.executeProduceConsume(ExecuteProduceConsume.java:249)
    org.eclipse.jetty.util.thread.strategy.ExecuteProduceConsume.produceConsume(ExecuteProduceConsume.java:148)
    org.eclipse.jetty.util.thread.strategy.ExecuteProduceConsume.execute(ExecuteProduceConsume.java:100)
    org.eclipse.jetty.io.ManagedSelector.run(ManagedSelector.java:147)
    org.eclipse.jetty.util.thread.QueuedThreadPool.runJob(QueuedThreadPool.java:671)
    org.eclipse.jetty.util.thread.QueuedThreadPool$2.run(QueuedThreadPool.java:589)
    java.lang.Thread.run(Thread.java:748)
Thread 152 (qtp2106609649-152):
  State: RUNNABLE
  Blocked count: 0
  Waited count: 1
  Stack:
    sun.nio.ch.EPollArrayWrapper.epollWait(Native Method)
    sun.nio.ch.EPollArrayWrapper.poll(EPollArrayWrapper.java:269)
    sun.nio.ch.EPollSelectorImpl.doSelect(EPollSelectorImpl.java:93)
    sun.nio.ch.SelectorImpl.lockAndDoSelect(SelectorImpl.java:86)
    sun.nio.ch.SelectorImpl.select(SelectorImpl.java:97)
    sun.nio.ch.SelectorImpl.select(SelectorImpl.java:101)
    org.eclipse.jetty.io.ManagedSelector$SelectorProducer.select(ManagedSelector.java:243)
    org.eclipse.jetty.io.ManagedSelector$SelectorProducer.produce(ManagedSelector.java:191)
    org.eclipse.jetty.util.thread.strategy.ExecuteProduceConsume.executeProduceConsume(ExecuteProduceConsume.java:249)
    org.eclipse.jetty.util.thread.strategy.ExecuteProduceConsume.produceConsume(ExecuteProduceConsume.java:148)
    org.eclipse.jetty.util.thread.strategy.ExecuteProduceConsume.execute(ExecuteProduceConsume.java:100)
    org.eclipse.jetty.io.ManagedSelector.run(ManagedSelector.java:147)
    org.eclipse.jetty.util.thread.QueuedThreadPool.runJob(QueuedThreadPool.java:671)
    org.eclipse.jetty.util.thread.QueuedThreadPool$2.run(QueuedThreadPool.java:589)
    java.lang.Thread.run(Thread.java:748)
Thread 151 (RpcServer.replication.FPBQ.Fifo.handler=2,queue=0,port=16020):
  State: WAITING
  Blocked count: 0
  Waited count: 1
  Waiting on java.util.concurrent.Semaphore$NonfairSync@49d831c2
  Stack:
    sun.misc.Unsafe.park(Native Method)
    java.util.concurrent.locks.LockSupport.park(LockSupport.java:175)
    java.util.concurrent.locks.AbstractQueuedSynchronizer.parkAndCheckInterrupt(AbstractQueuedSynchronizer.java:836)
    java.util.concurrent.locks.AbstractQueuedSynchronizer.doAcquireSharedInterruptibly(AbstractQueuedSynchronizer.java:997)
    java.util.concurrent.locks.AbstractQueuedSynchronizer.acquireSharedInterruptibly(AbstractQueuedSynchronizer.java:1304)
    java.util.concurrent.Semaphore.acquire(Semaphore.java:312)
    org.apache.hadoop.hbase.ipc.FastPathBalancedQueueRpcExecutor$FastPathHandler.getCallRunner(FastPathBalancedQueueRpcExecutor.java:104)
    org.apache.hadoop.hbase.ipc.RpcExecutor$Handler.run(RpcExecutor.java:304)
Thread 150 (RpcServer.replication.FPBQ.Fifo.handler=1,queue=0,port=16020):
  State: WAITING
  Blocked count: 0
  Waited count: 1
  Waiting on java.util.concurrent.Semaphore$NonfairSync@53a7a60c
  Stack:
    sun.misc.Unsafe.park(Native Method)
    java.util.concurrent.locks.LockSupport.park(LockSupport.java:175)
    java.util.concurrent.locks.AbstractQueuedSynchronizer.parkAndCheckInterrupt(AbstractQueuedSynchronizer.java:836)
    java.util.concurrent.locks.AbstractQueuedSynchronizer.doAcquireSharedInterruptibly(AbstractQueuedSynchronizer.java:997)
    java.util.concurrent.locks.AbstractQueuedSynchronizer.acquireSharedInterruptibly(AbstractQueuedSynchronizer.java:1304)
    java.util.concurrent.Semaphore.acquire(Semaphore.java:312)
    org.apache.hadoop.hbase.ipc.FastPathBalancedQueueRpcExecutor$FastPathHandler.getCallRunner(FastPathBalancedQueueRpcExecutor.java:104)
    org.apache.hadoop.hbase.ipc.RpcExecutor$Handler.run(RpcExecutor.java:304)
Thread 149 (RpcServer.replication.FPBQ.Fifo.handler=0,queue=0,port=16020):
  State: WAITING
  Blocked count: 0
  Waited count: 1
  Waiting on java.util.concurrent.Semaphore$NonfairSync@28bdbe88
  Stack:
    sun.misc.Unsafe.park(Native Method)
    java.util.concurrent.locks.LockSupport.park(LockSupport.java:175)
    java.util.concurrent.locks.AbstractQueuedSynchronizer.parkAndCheckInterrupt(AbstractQueuedSynchronizer.java:836)
    java.util.concurrent.locks.AbstractQueuedSynchronizer.doAcquireSharedInterruptibly(AbstractQueuedSynchronizer.java:997)
    java.util.concurrent.locks.AbstractQueuedSynchronizer.acquireSharedInterruptibly(AbstractQueuedSynchronizer.java:1304)
    java.util.concurrent.Semaphore.acquire(Semaphore.java:312)
    org.apache.hadoop.hbase.ipc.FastPathBalancedQueueRpcExecutor$FastPathHandler.getCallRunner(FastPathBalancedQueueRpcExecutor.java:104)
    org.apache.hadoop.hbase.ipc.RpcExecutor$Handler.run(RpcExecutor.java:304)
Thread 148 (RpcServer.priority.FPBQ.Fifo.handler=19,queue=1,port=16020):
  State: WAITING
  Blocked count: 0
  Waited count: 1
  Waiting on java.util.concurrent.Semaphore$NonfairSync@6a87026
  Stack:
    sun.misc.Unsafe.park(Native Method)
    java.util.concurrent.locks.LockSupport.park(LockSupport.java:175)
    java.util.concurrent.locks.AbstractQueuedSynchronizer.parkAndCheckInterrupt(AbstractQueuedSynchronizer.java:836)
    java.util.concurrent.locks.AbstractQueuedSynchronizer.doAcquireSharedInterruptibly(AbstractQueuedSynchronizer.java:997)
    java.util.concurrent.locks.AbstractQueuedSynchronizer.acquireSharedInterruptibly(AbstractQueuedSynchronizer.java:1304)
    java.util.concurrent.Semaphore.acquire(Semaphore.java:312)
    org.apache.hadoop.hbase.ipc.FastPathBalancedQueueRpcExecutor$FastPathHandler.getCallRunner(FastPathBalancedQueueRpcExecutor.java:104)
    org.apache.hadoop.hbase.ipc.RpcExecutor$Handler.run(RpcExecutor.java:304)
Thread 147 (RpcServer.priority.FPBQ.Fifo.handler=18,queue=0,port=16020):
  State: WAITING
  Blocked count: 0
  Waited count: 1
  Waiting on java.util.concurrent.Semaphore$NonfairSync@ef60710
  Stack:
    sun.misc.Unsafe.park(Native Method)
    java.util.concurrent.locks.LockSupport.park(LockSupport.java:175)
    java.util.concurrent.locks.AbstractQueuedSynchronizer.parkAndCheckInterrupt(AbstractQueuedSynchronizer.java:836)
    java.util.concurrent.locks.AbstractQueuedSynchronizer.doAcquireSharedInterruptibly(AbstractQueuedSynchronizer.java:997)
    java.util.concurrent.locks.AbstractQueuedSynchronizer.acquireSharedInterruptibly(AbstractQueuedSynchronizer.java:1304)
    java.util.concurrent.Semaphore.acquire(Semaphore.java:312)
    org.apache.hadoop.hbase.ipc.FastPathBalancedQueueRpcExecutor$FastPathHandler.getCallRunner(FastPathBalancedQueueRpcExecutor.java:104)
    org.apache.hadoop.hbase.ipc.RpcExecutor$Handler.run(RpcExecutor.java:304)
Thread 146 (RpcServer.priority.FPBQ.Fifo.handler=17,queue=1,port=16020):
  State: WAITING
  Blocked count: 0
  Waited count: 1
  Waiting on java.util.concurrent.Semaphore$NonfairSync@600f5704
  Stack:
    sun.misc.Unsafe.park(Native Method)
    java.util.concurrent.locks.LockSupport.park(LockSupport.java:175)
    java.util.concurrent.locks.AbstractQueuedSynchronizer.parkAndCheckInterrupt(AbstractQueuedSynchronizer.java:836)
    java.util.concurrent.locks.AbstractQueuedSynchronizer.doAcquireSharedInterruptibly(AbstractQueuedSynchronizer.java:997)
    java.util.concurrent.locks.AbstractQueuedSynchronizer.acquireSharedInterruptibly(AbstractQueuedSynchronizer.java:1304)
    java.util.concurrent.Semaphore.acquire(Semaphore.java:312)
    org.apache.hadoop.hbase.ipc.FastPathBalancedQueueRpcExecutor$FastPathHandler.getCallRunner(FastPathBalancedQueueRpcExecutor.java:104)
    org.apache.hadoop.hbase.ipc.RpcExecutor$Handler.run(RpcExecutor.java:304)
Thread 145 (RpcServer.priority.FPBQ.Fifo.handler=16,queue=0,port=16020):
  State: WAITING
  Blocked count: 0
  Waited count: 1
  Waiting on java.util.concurrent.Semaphore$NonfairSync@2503ec73
  Stack:
    sun.misc.Unsafe.park(Native Method)
    java.util.concurrent.locks.LockSupport.park(LockSupport.java:175)
    java.util.concurrent.locks.AbstractQueuedSynchronizer.parkAndCheckInterrupt(AbstractQueuedSynchronizer.java:836)
    java.util.concurrent.locks.AbstractQueuedSynchronizer.doAcquireSharedInterruptibly(AbstractQueuedSynchronizer.java:997)
    java.util.concurrent.locks.AbstractQueuedSynchronizer.acquireSharedInterruptibly(AbstractQueuedSynchronizer.java:1304)
    java.util.concurrent.Semaphore.acquire(Semaphore.java:312)
    org.apache.hadoop.hbase.ipc.FastPathBalancedQueueRpcExecutor$FastPathHandler.getCallRunner(FastPathBalancedQueueRpcExecutor.java:104)
    org.apache.hadoop.hbase.ipc.RpcExecutor$Handler.run(RpcExecutor.java:304)
Thread 144 (RpcServer.priority.FPBQ.Fifo.handler=15,queue=1,port=16020):
  State: WAITING
  Blocked count: 0
  Waited count: 1
  Waiting on java.util.concurrent.Semaphore$NonfairSync@606f81b5
  Stack:
    sun.misc.Unsafe.park(Native Method)
    java.util.concurrent.locks.LockSupport.park(LockSupport.java:175)
    java.util.concurrent.locks.AbstractQueuedSynchronizer.parkAndCheckInterrupt(AbstractQueuedSynchronizer.java:836)
    java.util.concurrent.locks.AbstractQueuedSynchronizer.doAcquireSharedInterruptibly(AbstractQueuedSynchronizer.java:997)
    java.util.concurrent.locks.AbstractQueuedSynchronizer.acquireSharedInterruptibly(AbstractQueuedSynchronizer.java:1304)
    java.util.concurrent.Semaphore.acquire(Semaphore.java:312)
    org.apache.hadoop.hbase.ipc.FastPathBalancedQueueRpcExecutor$FastPathHandler.getCallRunner(FastPathBalancedQueueRpcExecutor.java:104)
    org.apache.hadoop.hbase.ipc.RpcExecutor$Handler.run(RpcExecutor.java:304)
Thread 143 (RpcServer.priority.FPBQ.Fifo.handler=14,queue=0,port=16020):
  State: WAITING
  Blocked count: 0
  Waited count: 1
  Waiting on java.util.concurrent.Semaphore$NonfairSync@5e1fc42f
  Stack:
    sun.misc.Unsafe.park(Native Method)
    java.util.concurrent.locks.LockSupport.park(LockSupport.java:175)
    java.util.concurrent.locks.AbstractQueuedSynchronizer.parkAndCheckInterrupt(AbstractQueuedSynchronizer.java:836)
    java.util.concurrent.locks.AbstractQueuedSynchronizer.doAcquireSharedInterruptibly(AbstractQueuedSynchronizer.java:997)
    java.util.concurrent.locks.AbstractQueuedSynchronizer.acquireSharedInterruptibly(AbstractQueuedSynchronizer.java:1304)
    java.util.concurrent.Semaphore.acquire(Semaphore.java:312)
    org.apache.hadoop.hbase.ipc.FastPathBalancedQueueRpcExecutor$FastPathHandler.getCallRunner(FastPathBalancedQueueRpcExecutor.java:104)
    org.apache.hadoop.hbase.ipc.RpcExecutor$Handler.run(RpcExecutor.java:304)
Thread 142 (RpcServer.priority.FPBQ.Fifo.handler=13,queue=1,port=16020):
  State: WAITING
  Blocked count: 0
  Waited count: 1
  Waiting on java.util.concurrent.Semaphore$NonfairSync@44b21f9f
  Stack:
    sun.misc.Unsafe.park(Native Method)
    java.util.concurrent.locks.LockSupport.park(LockSupport.java:175)
    java.util.concurrent.locks.AbstractQueuedSynchronizer.parkAndCheckInterrupt(AbstractQueuedSynchronizer.java:836)
    java.util.concurrent.locks.AbstractQueuedSynchronizer.doAcquireSharedInterruptibly(AbstractQueuedSynchronizer.java:997)
    java.util.concurrent.locks.AbstractQueuedSynchronizer.acquireSharedInterruptibly(AbstractQueuedSynchronizer.java:1304)
    java.util.concurrent.Semaphore.acquire(Semaphore.java:312)
    org.apache.hadoop.hbase.ipc.FastPathBalancedQueueRpcExecutor$FastPathHandler.getCallRunner(FastPathBalancedQueueRpcExecutor.java:104)
    org.apache.hadoop.hbase.ipc.RpcExecutor$Handler.run(RpcExecutor.java:304)
Thread 141 (RpcServer.priority.FPBQ.Fifo.handler=12,queue=0,port=16020):
  State: WAITING
  Blocked count: 0
  Waited count: 1
  Waiting on java.util.concurrent.Semaphore$NonfairSync@7ee8130e
  Stack:
    sun.misc.Unsafe.park(Native Method)
    java.util.concurrent.locks.LockSupport.park(LockSupport.java:175)
    java.util.concurrent.locks.AbstractQueuedSynchronizer.parkAndCheckInterrupt(AbstractQueuedSynchronizer.java:836)
    java.util.concurrent.locks.AbstractQueuedSynchronizer.doAcquireSharedInterruptibly(AbstractQueuedSynchronizer.java:997)
    java.util.concurrent.locks.AbstractQueuedSynchronizer.acquireSharedInterruptibly(AbstractQueuedSynchronizer.java:1304)
    java.util.concurrent.Semaphore.acquire(Semaphore.java:312)
    org.apache.hadoop.hbase.ipc.FastPathBalancedQueueRpcExecutor$FastPathHandler.getCallRunner(FastPathBalancedQueueRpcExecutor.java:104)
    org.apache.hadoop.hbase.ipc.RpcExecutor$Handler.run(RpcExecutor.java:304)
Thread 140 (RpcServer.priority.FPBQ.Fifo.handler=11,queue=1,port=16020):
  State: WAITING
  Blocked count: 0
  Waited count: 1
  Waiting on java.util.concurrent.Semaphore$NonfairSync@6296474f
  Stack:
    sun.misc.Unsafe.park(Native Method)
    java.util.concurrent.locks.LockSupport.park(LockSupport.java:175)
    java.util.concurrent.locks.AbstractQueuedSynchronizer.parkAndCheckInterrupt(AbstractQueuedSynchronizer.java:836)
    java.util.concurrent.locks.AbstractQueuedSynchronizer.doAcquireSharedInterruptibly(AbstractQueuedSynchronizer.java:997)
    java.util.concurrent.locks.AbstractQueuedSynchronizer.acquireSharedInterruptibly(AbstractQueuedSynchronizer.java:1304)
    java.util.concurrent.Semaphore.acquire(Semaphore.java:312)
    org.apache.hadoop.hbase.ipc.FastPathBalancedQueueRpcExecutor$FastPathHandler.getCallRunner(FastPathBalancedQueueRpcExecutor.java:104)
    org.apache.hadoop.hbase.ipc.RpcExecutor$Handler.run(RpcExecutor.java:304)
Thread 139 (RpcServer.priority.FPBQ.Fifo.handler=10,queue=0,port=16020):
  State: WAITING
  Blocked count: 0
  Waited count: 1
  Waiting on java.util.concurrent.Semaphore$NonfairSync@4288d98e
  Stack:
    sun.misc.Unsafe.park(Native Method)
    java.util.concurrent.locks.LockSupport.park(LockSupport.java:175)
    java.util.concurrent.locks.AbstractQueuedSynchronizer.parkAndCheckInterrupt(AbstractQueuedSynchronizer.java:836)
    java.util.concurrent.locks.AbstractQueuedSynchronizer.doAcquireSharedInterruptibly(AbstractQueuedSynchronizer.java:997)
    java.util.concurrent.locks.AbstractQueuedSynchronizer.acquireSharedInterruptibly(AbstractQueuedSynchronizer.java:1304)
    java.util.concurrent.Semaphore.acquire(Semaphore.java:312)
    org.apache.hadoop.hbase.ipc.FastPathBalancedQueueRpcExecutor$FastPathHandler.getCallRunner(FastPathBalancedQueueRpcExecutor.java:104)
    org.apache.hadoop.hbase.ipc.RpcExecutor$Handler.run(RpcExecutor.java:304)
Thread 138 (RpcServer.priority.FPBQ.Fifo.handler=9,queue=1,port=16020):
  State: WAITING
  Blocked count: 0
  Waited count: 1
  Waiting on java.util.concurrent.Semaphore$NonfairSync@169268a7
  Stack:
    sun.misc.Unsafe.park(Native Method)
    java.util.concurrent.locks.LockSupport.park(LockSupport.java:175)
    java.util.concurrent.locks.AbstractQueuedSynchronizer.parkAndCheckInterrupt(AbstractQueuedSynchronizer.java:836)
    java.util.concurrent.locks.AbstractQueuedSynchronizer.doAcquireSharedInterruptibly(AbstractQueuedSynchronizer.java:997)
    java.util.concurrent.locks.AbstractQueuedSynchronizer.acquireSharedInterruptibly(AbstractQueuedSynchronizer.java:1304)
    java.util.concurrent.Semaphore.acquire(Semaphore.java:312)
    org.apache.hadoop.hbase.ipc.FastPathBalancedQueueRpcExecutor$FastPathHandler.getCallRunner(FastPathBalancedQueueRpcExecutor.java:104)
    org.apache.hadoop.hbase.ipc.RpcExecutor$Handler.run(RpcExecutor.java:304)
Thread 137 (RpcServer.priority.FPBQ.Fifo.handler=8,queue=0,port=16020):
  State: WAITING
  Blocked count: 0
  Waited count: 1
  Waiting on java.util.concurrent.Semaphore$NonfairSync@285c6918
  Stack:
    sun.misc.Unsafe.park(Native Method)
    java.util.concurrent.locks.LockSupport.park(LockSupport.java:175)
    java.util.concurrent.locks.AbstractQueuedSynchronizer.parkAndCheckInterrupt(AbstractQueuedSynchronizer.java:836)
    java.util.concurrent.locks.AbstractQueuedSynchronizer.doAcquireSharedInterruptibly(AbstractQueuedSynchronizer.java:997)
    java.util.concurrent.locks.AbstractQueuedSynchronizer.acquireSharedInterruptibly(AbstractQueuedSynchronizer.java:1304)
    java.util.concurrent.Semaphore.acquire(Semaphore.java:312)
    org.apache.hadoop.hbase.ipc.FastPathBalancedQueueRpcExecutor$FastPathHandler.getCallRunner(FastPathBalancedQueueRpcExecutor.java:104)
    org.apache.hadoop.hbase.ipc.RpcExecutor$Handler.run(RpcExecutor.java:304)
Thread 136 (RpcServer.priority.FPBQ.Fifo.handler=7,queue=1,port=16020):
  State: WAITING
  Blocked count: 0
  Waited count: 1
  Waiting on java.util.concurrent.Semaphore$NonfairSync@78a0ff63
  Stack:
    sun.misc.Unsafe.park(Native Method)
    java.util.concurrent.locks.LockSupport.park(LockSupport.java:175)
    java.util.concurrent.locks.AbstractQueuedSynchronizer.parkAndCheckInterrupt(AbstractQueuedSynchronizer.java:836)
    java.util.concurrent.locks.AbstractQueuedSynchronizer.doAcquireSharedInterruptibly(AbstractQueuedSynchronizer.java:997)
    java.util.concurrent.locks.AbstractQueuedSynchronizer.acquireSharedInterruptibly(AbstractQueuedSynchronizer.java:1304)
    java.util.concurrent.Semaphore.acquire(Semaphore.java:312)
    org.apache.hadoop.hbase.ipc.FastPathBalancedQueueRpcExecutor$FastPathHandler.getCallRunner(FastPathBalancedQueueRpcExecutor.java:104)
    org.apache.hadoop.hbase.ipc.RpcExecutor$Handler.run(RpcExecutor.java:304)
Thread 135 (RpcServer.priority.FPBQ.Fifo.handler=6,queue=0,port=16020):
  State: WAITING
  Blocked count: 0
  Waited count: 1
  Waiting on java.util.concurrent.Semaphore$NonfairSync@7c601d50
  Stack:
    sun.misc.Unsafe.park(Native Method)
    java.util.concurrent.locks.LockSupport.park(LockSupport.java:175)
    java.util.concurrent.locks.AbstractQueuedSynchronizer.parkAndCheckInterrupt(AbstractQueuedSynchronizer.java:836)
    java.util.concurrent.locks.AbstractQueuedSynchronizer.doAcquireSharedInterruptibly(AbstractQueuedSynchronizer.java:997)
    java.util.concurrent.locks.AbstractQueuedSynchronizer.acquireSharedInterruptibly(AbstractQueuedSynchronizer.java:1304)
    java.util.concurrent.Semaphore.acquire(Semaphore.java:312)
    org.apache.hadoop.hbase.ipc.FastPathBalancedQueueRpcExecutor$FastPathHandler.getCallRunner(FastPathBalancedQueueRpcExecutor.java:104)
    org.apache.hadoop.hbase.ipc.RpcExecutor$Handler.run(RpcExecutor.java:304)
Thread 134 (RpcServer.priority.FPBQ.Fifo.handler=5,queue=1,port=16020):
  State: WAITING
  Blocked count: 0
  Waited count: 1
  Waiting on java.util.concurrent.Semaphore$NonfairSync@79b2852b
  Stack:
    sun.misc.Unsafe.park(Native Method)
    java.util.concurrent.locks.LockSupport.park(LockSupport.java:175)
    java.util.concurrent.locks.AbstractQueuedSynchronizer.parkAndCheckInterrupt(AbstractQueuedSynchronizer.java:836)
    java.util.concurrent.locks.AbstractQueuedSynchronizer.doAcquireSharedInterruptibly(AbstractQueuedSynchronizer.java:997)
    java.util.concurrent.locks.AbstractQueuedSynchronizer.acquireSharedInterruptibly(AbstractQueuedSynchronizer.java:1304)
    java.util.concurrent.Semaphore.acquire(Semaphore.java:312)
    org.apache.hadoop.hbase.ipc.FastPathBalancedQueueRpcExecutor$FastPathHandler.getCallRunner(FastPathBalancedQueueRpcExecutor.java:104)
    org.apache.hadoop.hbase.ipc.RpcExecutor$Handler.run(RpcExecutor.java:304)
Thread 133 (RpcServer.priority.FPBQ.Fifo.handler=4,queue=0,port=16020):
  State: WAITING
  Blocked count: 0
  Waited count: 1
  Waiting on java.util.concurrent.Semaphore$NonfairSync@326d27ac
  Stack:
    sun.misc.Unsafe.park(Native Method)
    java.util.concurrent.locks.LockSupport.park(LockSupport.java:175)
    java.util.concurrent.locks.AbstractQueuedSynchronizer.parkAndCheckInterrupt(AbstractQueuedSynchronizer.java:836)
    java.util.concurrent.locks.AbstractQueuedSynchronizer.doAcquireSharedInterruptibly(AbstractQueuedSynchronizer.java:997)
    java.util.concurrent.locks.AbstractQueuedSynchronizer.acquireSharedInterruptibly(AbstractQueuedSynchronizer.java:1304)
    java.util.concurrent.Semaphore.acquire(Semaphore.java:312)
    org.apache.hadoop.hbase.ipc.FastPathBalancedQueueRpcExecutor$FastPathHandler.getCallRunner(FastPathBalancedQueueRpcExecutor.java:104)
    org.apache.hadoop.hbase.ipc.RpcExecutor$Handler.run(RpcExecutor.java:304)
Thread 132 (RpcServer.priority.FPBQ.Fifo.handler=3,queue=1,port=16020):
  State: WAITING
  Blocked count: 0
  Waited count: 1
  Waiting on java.util.concurrent.Semaphore$NonfairSync@4d499d65
  Stack:
    sun.misc.Unsafe.park(Native Method)
    java.util.concurrent.locks.LockSupport.park(LockSupport.java:175)
    java.util.concurrent.locks.AbstractQueuedSynchronizer.parkAndCheckInterrupt(AbstractQueuedSynchronizer.java:836)
    java.util.concurrent.locks.AbstractQueuedSynchronizer.doAcquireSharedInterruptibly(AbstractQueuedSynchronizer.java:997)
    java.util.concurrent.locks.AbstractQueuedSynchronizer.acquireSharedInterruptibly(AbstractQueuedSynchronizer.java:1304)
    java.util.concurrent.Semaphore.acquire(Semaphore.java:312)
    org.apache.hadoop.hbase.ipc.FastPathBalancedQueueRpcExecutor$FastPathHandler.getCallRunner(FastPathBalancedQueueRpcExecutor.java:104)
    org.apache.hadoop.hbase.ipc.RpcExecutor$Handler.run(RpcExecutor.java:304)
Thread 131 (RpcServer.priority.FPBQ.Fifo.handler=2,queue=0,port=16020):
  State: WAITING
  Blocked count: 0
  Waited count: 1
  Waiting on java.util.concurrent.Semaphore$NonfairSync@313f8301
  Stack:
    sun.misc.Unsafe.park(Native Method)
    java.util.concurrent.locks.LockSupport.park(LockSupport.java:175)
    java.util.concurrent.locks.AbstractQueuedSynchronizer.parkAndCheckInterrupt(AbstractQueuedSynchronizer.java:836)
    java.util.concurrent.locks.AbstractQueuedSynchronizer.doAcquireSharedInterruptibly(AbstractQueuedSynchronizer.java:997)
    java.util.concurrent.locks.AbstractQueuedSynchronizer.acquireSharedInterruptibly(AbstractQueuedSynchronizer.java:1304)
    java.util.concurrent.Semaphore.acquire(Semaphore.java:312)
    org.apache.hadoop.hbase.ipc.FastPathBalancedQueueRpcExecutor$FastPathHandler.getCallRunner(FastPathBalancedQueueRpcExecutor.java:104)
    org.apache.hadoop.hbase.ipc.RpcExecutor$Handler.run(RpcExecutor.java:304)
Thread 130 (RpcServer.priority.FPBQ.Fifo.handler=1,queue=1,port=16020):
  State: WAITING
  Blocked count: 0
  Waited count: 1
  Waiting on java.util.concurrent.Semaphore$NonfairSync@5cc9d3d0
  Stack:
    sun.misc.Unsafe.park(Native Method)
    java.util.concurrent.locks.LockSupport.park(LockSupport.java:175)
    java.util.concurrent.locks.AbstractQueuedSynchronizer.parkAndCheckInterrupt(AbstractQueuedSynchronizer.java:836)
    java.util.concurrent.locks.AbstractQueuedSynchronizer.doAcquireSharedInterruptibly(AbstractQueuedSynchronizer.java:997)
    java.util.concurrent.locks.AbstractQueuedSynchronizer.acquireSharedInterruptibly(AbstractQueuedSynchronizer.java:1304)
    java.util.concurrent.Semaphore.acquire(Semaphore.java:312)
    org.apache.hadoop.hbase.ipc.FastPathBalancedQueueRpcExecutor$FastPathHandler.getCallRunner(FastPathBalancedQueueRpcExecutor.java:104)
    org.apache.hadoop.hbase.ipc.RpcExecutor$Handler.run(RpcExecutor.java:304)
Thread 129 (RpcServer.priority.FPBQ.Fifo.handler=0,queue=0,port=16020):
  State: WAITING
  Blocked count: 0
  Waited count: 1
  Waiting on java.util.concurrent.Semaphore$NonfairSync@7c2dfa2
  Stack:
    sun.misc.Unsafe.park(Native Method)
    java.util.concurrent.locks.LockSupport.park(LockSupport.java:175)
    java.util.concurrent.locks.AbstractQueuedSynchronizer.parkAndCheckInterrupt(AbstractQueuedSynchronizer.java:836)
    java.util.concurrent.locks.AbstractQueuedSynchronizer.doAcquireSharedInterruptibly(AbstractQueuedSynchronizer.java:997)
    java.util.concurrent.locks.AbstractQueuedSynchronizer.acquireSharedInterruptibly(AbstractQueuedSynchronizer.java:1304)
    java.util.concurrent.Semaphore.acquire(Semaphore.java:312)
    org.apache.hadoop.hbase.ipc.FastPathBalancedQueueRpcExecutor$FastPathHandler.getCallRunner(FastPathBalancedQueueRpcExecutor.java:104)
    org.apache.hadoop.hbase.ipc.RpcExecutor$Handler.run(RpcExecutor.java:304)
Thread 128 (RpcServer.default.FPBQ.Fifo.handler=29,queue=2,port=16020):
  State: WAITING
  Blocked count: 0
  Waited count: 1
  Waiting on java.util.concurrent.Semaphore$NonfairSync@661d88a
  Stack:
    sun.misc.Unsafe.park(Native Method)
    java.util.concurrent.locks.LockSupport.park(LockSupport.java:175)
    java.util.concurrent.locks.AbstractQueuedSynchronizer.parkAndCheckInterrupt(AbstractQueuedSynchronizer.java:836)
    java.util.concurrent.locks.AbstractQueuedSynchronizer.doAcquireSharedInterruptibly(AbstractQueuedSynchronizer.java:997)
    java.util.concurrent.locks.AbstractQueuedSynchronizer.acquireSharedInterruptibly(AbstractQueuedSynchronizer.java:1304)
    java.util.concurrent.Semaphore.acquire(Semaphore.java:312)
    org.apache.hadoop.hbase.ipc.FastPathBalancedQueueRpcExecutor$FastPathHandler.getCallRunner(FastPathBalancedQueueRpcExecutor.java:104)
    org.apache.hadoop.hbase.ipc.RpcExecutor$Handler.run(RpcExecutor.java:304)
Thread 127 (RpcServer.default.FPBQ.Fifo.handler=28,queue=1,port=16020):
  State: WAITING
  Blocked count: 0
  Waited count: 1
  Waiting on java.util.concurrent.Semaphore$NonfairSync@4b0b64cc
  Stack:
    sun.misc.Unsafe.park(Native Method)
    java.util.concurrent.locks.LockSupport.park(LockSupport.java:175)
    java.util.concurrent.locks.AbstractQueuedSynchronizer.parkAndCheckInterrupt(AbstractQueuedSynchronizer.java:836)
    java.util.concurrent.locks.AbstractQueuedSynchronizer.doAcquireSharedInterruptibly(AbstractQueuedSynchronizer.java:997)
    java.util.concurrent.locks.AbstractQueuedSynchronizer.acquireSharedInterruptibly(AbstractQueuedSynchronizer.java:1304)
    java.util.concurrent.Semaphore.acquire(Semaphore.java:312)
    org.apache.hadoop.hbase.ipc.FastPathBalancedQueueRpcExecutor$FastPathHandler.getCallRunner(FastPathBalancedQueueRpcExecutor.java:104)
    org.apache.hadoop.hbase.ipc.RpcExecutor$Handler.run(RpcExecutor.java:304)
Thread 126 (RpcServer.default.FPBQ.Fifo.handler=27,queue=0,port=16020):
  State: WAITING
  Blocked count: 0
  Waited count: 1
  Waiting on java.util.concurrent.Semaphore$NonfairSync@59ce792e
  Stack:
    sun.misc.Unsafe.park(Native Method)
    java.util.concurrent.locks.LockSupport.park(LockSupport.java:175)
    java.util.concurrent.locks.AbstractQueuedSynchronizer.parkAndCheckInterrupt(AbstractQueuedSynchronizer.java:836)
    java.util.concurrent.locks.AbstractQueuedSynchronizer.doAcquireSharedInterruptibly(AbstractQueuedSynchronizer.java:997)
    java.util.concurrent.locks.AbstractQueuedSynchronizer.acquireSharedInterruptibly(AbstractQueuedSynchronizer.java:1304)
    java.util.concurrent.Semaphore.acquire(Semaphore.java:312)
    org.apache.hadoop.hbase.ipc.FastPathBalancedQueueRpcExecutor$FastPathHandler.getCallRunner(FastPathBalancedQueueRpcExecutor.java:104)
    org.apache.hadoop.hbase.ipc.RpcExecutor$Handler.run(RpcExecutor.java:304)
Thread 125 (RpcServer.default.FPBQ.Fifo.handler=26,queue=2,port=16020):
  State: WAITING
  Blocked count: 0
  Waited count: 1
  Waiting on java.util.concurrent.Semaphore$NonfairSync@4860827a
  Stack:
    sun.misc.Unsafe.park(Native Method)
    java.util.concurrent.locks.LockSupport.park(LockSupport.java:175)
    java.util.concurrent.locks.AbstractQueuedSynchronizer.parkAndCheckInterrupt(AbstractQueuedSynchronizer.java:836)
    java.util.concurrent.locks.AbstractQueuedSynchronizer.doAcquireSharedInterruptibly(AbstractQueuedSynchronizer.java:997)
    java.util.concurrent.locks.AbstractQueuedSynchronizer.acquireSharedInterruptibly(AbstractQueuedSynchronizer.java:1304)
    java.util.concurrent.Semaphore.acquire(Semaphore.java:312)
    org.apache.hadoop.hbase.ipc.FastPathBalancedQueueRpcExecutor$FastPathHandler.getCallRunner(FastPathBalancedQueueRpcExecutor.java:104)
    org.apache.hadoop.hbase.ipc.RpcExecutor$Handler.run(RpcExecutor.java:304)
Thread 124 (RpcServer.default.FPBQ.Fifo.handler=25,queue=1,port=16020):
  State: WAITING
  Blocked count: 0
  Waited count: 1
  Waiting on java.util.concurrent.Semaphore$NonfairSync@404db674
  Stack:
    sun.misc.Unsafe.park(Native Method)
    java.util.concurrent.locks.LockSupport.park(LockSupport.java:175)
    java.util.concurrent.locks.AbstractQueuedSynchronizer.parkAndCheckInterrupt(AbstractQueuedSynchronizer.java:836)
    java.util.concurrent.locks.AbstractQueuedSynchronizer.doAcquireSharedInterruptibly(AbstractQueuedSynchronizer.java:997)
    java.util.concurrent.locks.AbstractQueuedSynchronizer.acquireSharedInterruptibly(AbstractQueuedSynchronizer.java:1304)
    java.util.concurrent.Semaphore.acquire(Semaphore.java:312)
    org.apache.hadoop.hbase.ipc.FastPathBalancedQueueRpcExecutor$FastPathHandler.getCallRunner(FastPathBalancedQueueRpcExecutor.java:104)
    org.apache.hadoop.hbase.ipc.RpcExecutor$Handler.run(RpcExecutor.java:304)
Thread 123 (RpcServer.default.FPBQ.Fifo.handler=24,queue=0,port=16020):
  State: WAITING
  Blocked count: 0
  Waited count: 1
  Waiting on java.util.concurrent.Semaphore$NonfairSync@50f097b5
  Stack:
    sun.misc.Unsafe.park(Native Method)
    java.util.concurrent.locks.LockSupport.park(LockSupport.java:175)
    java.util.concurrent.locks.AbstractQueuedSynchronizer.parkAndCheckInterrupt(AbstractQueuedSynchronizer.java:836)
    java.util.concurrent.locks.AbstractQueuedSynchronizer.doAcquireSharedInterruptibly(AbstractQueuedSynchronizer.java:997)
    java.util.concurrent.locks.AbstractQueuedSynchronizer.acquireSharedInterruptibly(AbstractQueuedSynchronizer.java:1304)
    java.util.concurrent.Semaphore.acquire(Semaphore.java:312)
    org.apache.hadoop.hbase.ipc.FastPathBalancedQueueRpcExecutor$FastPathHandler.getCallRunner(FastPathBalancedQueueRpcExecutor.java:104)
    org.apache.hadoop.hbase.ipc.RpcExecutor$Handler.run(RpcExecutor.java:304)
Thread 122 (RpcServer.default.FPBQ.Fifo.handler=23,queue=2,port=16020):
  State: WAITING
  Blocked count: 0
  Waited count: 1
  Waiting on java.util.concurrent.Semaphore$NonfairSync@7add838c
  Stack:
    sun.misc.Unsafe.park(Native Method)
    java.util.concurrent.locks.LockSupport.park(LockSupport.java:175)
    java.util.concurrent.locks.AbstractQueuedSynchronizer.parkAndCheckInterrupt(AbstractQueuedSynchronizer.java:836)
    java.util.concurrent.locks.AbstractQueuedSynchronizer.doAcquireSharedInterruptibly(AbstractQueuedSynchronizer.java:997)
    java.util.concurrent.locks.AbstractQueuedSynchronizer.acquireSharedInterruptibly(AbstractQueuedSynchronizer.java:1304)
    java.util.concurrent.Semaphore.acquire(Semaphore.java:312)
    org.apache.hadoop.hbase.ipc.FastPathBalancedQueueRpcExecutor$FastPathHandler.getCallRunner(FastPathBalancedQueueRpcExecutor.java:104)
    org.apache.hadoop.hbase.ipc.RpcExecutor$Handler.run(RpcExecutor.java:304)
Thread 121 (RpcServer.default.FPBQ.Fifo.handler=22,queue=1,port=16020):
  State: WAITING
  Blocked count: 0
  Waited count: 1
  Waiting on java.util.concurrent.Semaphore$NonfairSync@3662bdff
  Stack:
    sun.misc.Unsafe.park(Native Method)
    java.util.concurrent.locks.LockSupport.park(LockSupport.java:175)
    java.util.concurrent.locks.AbstractQueuedSynchronizer.parkAndCheckInterrupt(AbstractQueuedSynchronizer.java:836)
    java.util.concurrent.locks.AbstractQueuedSynchronizer.doAcquireSharedInterruptibly(AbstractQueuedSynchronizer.java:997)
    java.util.concurrent.locks.AbstractQueuedSynchronizer.acquireSharedInterruptibly(AbstractQueuedSynchronizer.java:1304)
    java.util.concurrent.Semaphore.acquire(Semaphore.java:312)
    org.apache.hadoop.hbase.ipc.FastPathBalancedQueueRpcExecutor$FastPathHandler.getCallRunner(FastPathBalancedQueueRpcExecutor.java:104)
    org.apache.hadoop.hbase.ipc.RpcExecutor$Handler.run(RpcExecutor.java:304)
Thread 120 (RpcServer.default.FPBQ.Fifo.handler=21,queue=0,port=16020):
  State: WAITING
  Blocked count: 0
  Waited count: 1
  Waiting on java.util.concurrent.Semaphore$NonfairSync@1bb15351
  Stack:
    sun.misc.Unsafe.park(Native Method)
    java.util.concurrent.locks.LockSupport.park(LockSupport.java:175)
    java.util.concurrent.locks.AbstractQueuedSynchronizer.parkAndCheckInterrupt(AbstractQueuedSynchronizer.java:836)
    java.util.concurrent.locks.AbstractQueuedSynchronizer.doAcquireSharedInterruptibly(AbstractQueuedSynchronizer.java:997)
    java.util.concurrent.locks.AbstractQueuedSynchronizer.acquireSharedInterruptibly(AbstractQueuedSynchronizer.java:1304)
    java.util.concurrent.Semaphore.acquire(Semaphore.java:312)
    org.apache.hadoop.hbase.ipc.FastPathBalancedQueueRpcExecutor$FastPathHandler.getCallRunner(FastPathBalancedQueueRpcExecutor.java:104)
    org.apache.hadoop.hbase.ipc.RpcExecutor$Handler.run(RpcExecutor.java:304)
Thread 119 (RpcServer.default.FPBQ.Fifo.handler=20,queue=2,port=16020):
  State: WAITING
  Blocked count: 0
  Waited count: 1
  Waiting on java.util.concurrent.Semaphore$NonfairSync@4fa822ad
  Stack:
    sun.misc.Unsafe.park(Native Method)
    java.util.concurrent.locks.LockSupport.park(LockSupport.java:175)
    java.util.concurrent.locks.AbstractQueuedSynchronizer.parkAndCheckInterrupt(AbstractQueuedSynchronizer.java:836)
    java.util.concurrent.locks.AbstractQueuedSynchronizer.doAcquireSharedInterruptibly(AbstractQueuedSynchronizer.java:997)
    java.util.concurrent.locks.AbstractQueuedSynchronizer.acquireSharedInterruptibly(AbstractQueuedSynchronizer.java:1304)
    java.util.concurrent.Semaphore.acquire(Semaphore.java:312)
    org.apache.hadoop.hbase.ipc.FastPathBalancedQueueRpcExecutor$FastPathHandler.getCallRunner(FastPathBalancedQueueRpcExecutor.java:104)
    org.apache.hadoop.hbase.ipc.RpcExecutor$Handler.run(RpcExecutor.java:304)
Thread 118 (RpcServer.default.FPBQ.Fifo.handler=19,queue=1,port=16020):
  State: WAITING
  Blocked count: 0
  Waited count: 1
  Waiting on java.util.concurrent.Semaphore$NonfairSync@597f0937
  Stack:
    sun.misc.Unsafe.park(Native Method)
    java.util.concurrent.locks.LockSupport.park(LockSupport.java:175)
    java.util.concurrent.locks.AbstractQueuedSynchronizer.parkAndCheckInterrupt(AbstractQueuedSynchronizer.java:836)
    java.util.concurrent.locks.AbstractQueuedSynchronizer.doAcquireSharedInterruptibly(AbstractQueuedSynchronizer.java:997)
    java.util.concurrent.locks.AbstractQueuedSynchronizer.acquireSharedInterruptibly(AbstractQueuedSynchronizer.java:1304)
    java.util.concurrent.Semaphore.acquire(Semaphore.java:312)
    org.apache.hadoop.hbase.ipc.FastPathBalancedQueueRpcExecutor$FastPathHandler.getCallRunner(FastPathBalancedQueueRpcExecutor.java:104)
    org.apache.hadoop.hbase.ipc.RpcExecutor$Handler.run(RpcExecutor.java:304)
Thread 117 (RpcServer.default.FPBQ.Fifo.handler=18,queue=0,port=16020):
  State: WAITING
  Blocked count: 0
  Waited count: 1
  Waiting on java.util.concurrent.Semaphore$NonfairSync@7ad1caa2
  Stack:
    sun.misc.Unsafe.park(Native Method)
    java.util.concurrent.locks.LockSupport.park(LockSupport.java:175)
    java.util.concurrent.locks.AbstractQueuedSynchronizer.parkAndCheckInterrupt(AbstractQueuedSynchronizer.java:836)
    java.util.concurrent.locks.AbstractQueuedSynchronizer.doAcquireSharedInterruptibly(AbstractQueuedSynchronizer.java:997)
    java.util.concurrent.locks.AbstractQueuedSynchronizer.acquireSharedInterruptibly(AbstractQueuedSynchronizer.java:1304)
    java.util.concurrent.Semaphore.acquire(Semaphore.java:312)
    org.apache.hadoop.hbase.ipc.FastPathBalancedQueueRpcExecutor$FastPathHandler.getCallRunner(FastPathBalancedQueueRpcExecutor.java:104)
    org.apache.hadoop.hbase.ipc.RpcExecutor$Handler.run(RpcExecutor.java:304)
Thread 116 (RpcServer.default.FPBQ.Fifo.handler=17,queue=2,port=16020):
  State: WAITING
  Blocked count: 0
  Waited count: 1
  Waiting on java.util.concurrent.Semaphore$NonfairSync@6b6b3572
  Stack:
    sun.misc.Unsafe.park(Native Method)
    java.util.concurrent.locks.LockSupport.park(LockSupport.java:175)
    java.util.concurrent.locks.AbstractQueuedSynchronizer.parkAndCheckInterrupt(AbstractQueuedSynchronizer.java:836)
    java.util.concurrent.locks.AbstractQueuedSynchronizer.doAcquireSharedInterruptibly(AbstractQueuedSynchronizer.java:997)
    java.util.concurrent.locks.AbstractQueuedSynchronizer.acquireSharedInterruptibly(AbstractQueuedSynchronizer.java:1304)
    java.util.concurrent.Semaphore.acquire(Semaphore.java:312)
    org.apache.hadoop.hbase.ipc.FastPathBalancedQueueRpcExecutor$FastPathHandler.getCallRunner(FastPathBalancedQueueRpcExecutor.java:104)
    org.apache.hadoop.hbase.ipc.RpcExecutor$Handler.run(RpcExecutor.java:304)
Thread 115 (RpcServer.default.FPBQ.Fifo.handler=16,queue=1,port=16020):
  State: WAITING
  Blocked count: 0
  Waited count: 1
  Waiting on java.util.concurrent.Semaphore$NonfairSync@65d8dff8
  Stack:
    sun.misc.Unsafe.park(Native Method)
    java.util.concurrent.locks.LockSupport.park(LockSupport.java:175)
    java.util.concurrent.locks.AbstractQueuedSynchronizer.parkAndCheckInterrupt(AbstractQueuedSynchronizer.java:836)
    java.util.concurrent.locks.AbstractQueuedSynchronizer.doAcquireSharedInterruptibly(AbstractQueuedSynchronizer.java:997)
    java.util.concurrent.locks.AbstractQueuedSynchronizer.acquireSharedInterruptibly(AbstractQueuedSynchronizer.java:1304)
    java.util.concurrent.Semaphore.acquire(Semaphore.java:312)
    org.apache.hadoop.hbase.ipc.FastPathBalancedQueueRpcExecutor$FastPathHandler.getCallRunner(FastPathBalancedQueueRpcExecutor.java:104)
    org.apache.hadoop.hbase.ipc.RpcExecutor$Handler.run(RpcExecutor.java:304)
Thread 114 (RpcServer.default.FPBQ.Fifo.handler=15,queue=0,port=16020):
  State: WAITING
  Blocked count: 0
  Waited count: 1
  Waiting on java.util.concurrent.Semaphore$NonfairSync@444f44c5
  Stack:
    sun.misc.Unsafe.park(Native Method)
    java.util.concurrent.locks.LockSupport.park(LockSupport.java:175)
    java.util.concurrent.locks.AbstractQueuedSynchronizer.parkAndCheckInterrupt(AbstractQueuedSynchronizer.java:836)
    java.util.concurrent.locks.AbstractQueuedSynchronizer.doAcquireSharedInterruptibly(AbstractQueuedSynchronizer.java:997)
    java.util.concurrent.locks.AbstractQueuedSynchronizer.acquireSharedInterruptibly(AbstractQueuedSynchronizer.java:1304)
    java.util.concurrent.Semaphore.acquire(Semaphore.java:312)
    org.apache.hadoop.hbase.ipc.FastPathBalancedQueueRpcExecutor$FastPathHandler.getCallRunner(FastPathBalancedQueueRpcExecutor.java:104)
    org.apache.hadoop.hbase.ipc.RpcExecutor$Handler.run(RpcExecutor.java:304)
Thread 113 (RpcServer.default.FPBQ.Fifo.handler=14,queue=2,port=16020):
  State: WAITING
  Blocked count: 0
  Waited count: 1
  Waiting on java.util.concurrent.Semaphore$NonfairSync@303f1234
  Stack:
    sun.misc.Unsafe.park(Native Method)
    java.util.concurrent.locks.LockSupport.park(LockSupport.java:175)
    java.util.concurrent.locks.AbstractQueuedSynchronizer.parkAndCheckInterrupt(AbstractQueuedSynchronizer.java:836)
    java.util.concurrent.locks.AbstractQueuedSynchronizer.doAcquireSharedInterruptibly(AbstractQueuedSynchronizer.java:997)
    java.util.concurrent.locks.AbstractQueuedSynchronizer.acquireSharedInterruptibly(AbstractQueuedSynchronizer.java:1304)
    java.util.concurrent.Semaphore.acquire(Semaphore.java:312)
    org.apache.hadoop.hbase.ipc.FastPathBalancedQueueRpcExecutor$FastPathHandler.getCallRunner(FastPathBalancedQueueRpcExecutor.java:104)
    org.apache.hadoop.hbase.ipc.RpcExecutor$Handler.run(RpcExecutor.java:304)
Thread 112 (RpcServer.default.FPBQ.Fifo.handler=13,queue=1,port=16020):
  State: WAITING
  Blocked count: 0
  Waited count: 1
  Waiting on java.util.concurrent.Semaphore$NonfairSync@24d61e4
  Stack:
    sun.misc.Unsafe.park(Native Method)
    java.util.concurrent.locks.LockSupport.park(LockSupport.java:175)
    java.util.concurrent.locks.AbstractQueuedSynchronizer.parkAndCheckInterrupt(AbstractQueuedSynchronizer.java:836)
    java.util.concurrent.locks.AbstractQueuedSynchronizer.doAcquireSharedInterruptibly(AbstractQueuedSynchronizer.java:997)
    java.util.concurrent.locks.AbstractQueuedSynchronizer.acquireSharedInterruptibly(AbstractQueuedSynchronizer.java:1304)
    java.util.concurrent.Semaphore.acquire(Semaphore.java:312)
    org.apache.hadoop.hbase.ipc.FastPathBalancedQueueRpcExecutor$FastPathHandler.getCallRunner(FastPathBalancedQueueRpcExecutor.java:104)
    org.apache.hadoop.hbase.ipc.RpcExecutor$Handler.run(RpcExecutor.java:304)
Thread 111 (RpcServer.default.FPBQ.Fifo.handler=12,queue=0,port=16020):
  State: WAITING
  Blocked count: 0
  Waited count: 1
  Waiting on java.util.concurrent.Semaphore$NonfairSync@2149594a
  Stack:
    sun.misc.Unsafe.park(Native Method)
    java.util.concurrent.locks.LockSupport.park(LockSupport.java:175)
    java.util.concurrent.locks.AbstractQueuedSynchronizer.parkAndCheckInterrupt(AbstractQueuedSynchronizer.java:836)
    java.util.concurrent.locks.AbstractQueuedSynchronizer.doAcquireSharedInterruptibly(AbstractQueuedSynchronizer.java:997)
    java.util.concurrent.locks.AbstractQueuedSynchronizer.acquireSharedInterruptibly(AbstractQueuedSynchronizer.java:1304)
    java.util.concurrent.Semaphore.acquire(Semaphore.java:312)
    org.apache.hadoop.hbase.ipc.FastPathBalancedQueueRpcExecutor$FastPathHandler.getCallRunner(FastPathBalancedQueueRpcExecutor.java:104)
    org.apache.hadoop.hbase.ipc.RpcExecutor$Handler.run(RpcExecutor.java:304)
Thread 110 (RpcServer.default.FPBQ.Fifo.handler=11,queue=2,port=16020):
  State: WAITING
  Blocked count: 0
  Waited count: 1
  Waiting on java.util.concurrent.Semaphore$NonfairSync@1f1e58ca
  Stack:
    sun.misc.Unsafe.park(Native Method)
    java.util.concurrent.locks.LockSupport.park(LockSupport.java:175)
    java.util.concurrent.locks.AbstractQueuedSynchronizer.parkAndCheckInterrupt(AbstractQueuedSynchronizer.java:836)
    java.util.concurrent.locks.AbstractQueuedSynchronizer.doAcquireSharedInterruptibly(AbstractQueuedSynchronizer.java:997)
    java.util.concurrent.locks.AbstractQueuedSynchronizer.acquireSharedInterruptibly(AbstractQueuedSynchronizer.java:1304)
    java.util.concurrent.Semaphore.acquire(Semaphore.java:312)
    org.apache.hadoop.hbase.ipc.FastPathBalancedQueueRpcExecutor$FastPathHandler.getCallRunner(FastPathBalancedQueueRpcExecutor.java:104)
    org.apache.hadoop.hbase.ipc.RpcExecutor$Handler.run(RpcExecutor.java:304)
Thread 109 (RpcServer.default.FPBQ.Fifo.handler=10,queue=1,port=16020):
  State: WAITING
  Blocked count: 0
  Waited count: 1
  Waiting on java.util.concurrent.Semaphore$NonfairSync@57f847af
  Stack:
    sun.misc.Unsafe.park(Native Method)
    java.util.concurrent.locks.LockSupport.park(LockSupport.java:175)
    java.util.concurrent.locks.AbstractQueuedSynchronizer.parkAndCheckInterrupt(AbstractQueuedSynchronizer.java:836)
    java.util.concurrent.locks.AbstractQueuedSynchronizer.doAcquireSharedInterruptibly(AbstractQueuedSynchronizer.java:997)
    java.util.concurrent.locks.AbstractQueuedSynchronizer.acquireSharedInterruptibly(AbstractQueuedSynchronizer.java:1304)
    java.util.concurrent.Semaphore.acquire(Semaphore.java:312)
    org.apache.hadoop.hbase.ipc.FastPathBalancedQueueRpcExecutor$FastPathHandler.getCallRunner(FastPathBalancedQueueRpcExecutor.java:104)
    org.apache.hadoop.hbase.ipc.RpcExecutor$Handler.run(RpcExecutor.java:304)
Thread 108 (RpcServer.default.FPBQ.Fifo.handler=9,queue=0,port=16020):
  State: WAITING
  Blocked count: 0
  Waited count: 1
  Waiting on java.util.concurrent.Semaphore$NonfairSync@3ed34ef5
  Stack:
    sun.misc.Unsafe.park(Native Method)
    java.util.concurrent.locks.LockSupport.park(LockSupport.java:175)
    java.util.concurrent.locks.AbstractQueuedSynchronizer.parkAndCheckInterrupt(AbstractQueuedSynchronizer.java:836)
    java.util.concurrent.locks.AbstractQueuedSynchronizer.doAcquireSharedInterruptibly(AbstractQueuedSynchronizer.java:997)
    java.util.concurrent.locks.AbstractQueuedSynchronizer.acquireSharedInterruptibly(AbstractQueuedSynchronizer.java:1304)
    java.util.concurrent.Semaphore.acquire(Semaphore.java:312)
    org.apache.hadoop.hbase.ipc.FastPathBalancedQueueRpcExecutor$FastPathHandler.getCallRunner(FastPathBalancedQueueRpcExecutor.java:104)
    org.apache.hadoop.hbase.ipc.RpcExecutor$Handler.run(RpcExecutor.java:304)
Thread 107 (RpcServer.default.FPBQ.Fifo.handler=8,queue=2,port=16020):
  State: WAITING
  Blocked count: 0
  Waited count: 1
  Waiting on java.util.concurrent.Semaphore$NonfairSync@553bc36c
  Stack:
    sun.misc.Unsafe.park(Native Method)
    java.util.concurrent.locks.LockSupport.park(LockSupport.java:175)
    java.util.concurrent.locks.AbstractQueuedSynchronizer.parkAndCheckInterrupt(AbstractQueuedSynchronizer.java:836)
    java.util.concurrent.locks.AbstractQueuedSynchronizer.doAcquireSharedInterruptibly(AbstractQueuedSynchronizer.java:997)
    java.util.concurrent.locks.AbstractQueuedSynchronizer.acquireSharedInterruptibly(AbstractQueuedSynchronizer.java:1304)
    java.util.concurrent.Semaphore.acquire(Semaphore.java:312)
    org.apache.hadoop.hbase.ipc.FastPathBalancedQueueRpcExecutor$FastPathHandler.getCallRunner(FastPathBalancedQueueRpcExecutor.java:104)
    org.apache.hadoop.hbase.ipc.RpcExecutor$Handler.run(RpcExecutor.java:304)
Thread 106 (RpcServer.default.FPBQ.Fifo.handler=7,queue=1,port=16020):
  State: WAITING
  Blocked count: 0
  Waited count: 1
  Waiting on java.util.concurrent.Semaphore$NonfairSync@380e1909
  Stack:
    sun.misc.Unsafe.park(Native Method)
    java.util.concurrent.locks.LockSupport.park(LockSupport.java:175)
    java.util.concurrent.locks.AbstractQueuedSynchronizer.parkAndCheckInterrupt(AbstractQueuedSynchronizer.java:836)
    java.util.concurrent.locks.AbstractQueuedSynchronizer.doAcquireSharedInterruptibly(AbstractQueuedSynchronizer.java:997)
    java.util.concurrent.locks.AbstractQueuedSynchronizer.acquireSharedInterruptibly(AbstractQueuedSynchronizer.java:1304)
    java.util.concurrent.Semaphore.acquire(Semaphore.java:312)
    org.apache.hadoop.hbase.ipc.FastPathBalancedQueueRpcExecutor$FastPathHandler.getCallRunner(FastPathBalancedQueueRpcExecutor.java:104)
    org.apache.hadoop.hbase.ipc.RpcExecutor$Handler.run(RpcExecutor.java:304)
Thread 105 (RpcServer.default.FPBQ.Fifo.handler=6,queue=0,port=16020):
  State: WAITING
  Blocked count: 0
  Waited count: 1
  Waiting on java.util.concurrent.Semaphore$NonfairSync@2d5ef498
  Stack:
    sun.misc.Unsafe.park(Native Method)
    java.util.concurrent.locks.LockSupport.park(LockSupport.java:175)
    java.util.concurrent.locks.AbstractQueuedSynchronizer.parkAndCheckInterrupt(AbstractQueuedSynchronizer.java:836)
    java.util.concurrent.locks.AbstractQueuedSynchronizer.doAcquireSharedInterruptibly(AbstractQueuedSynchronizer.java:997)
    java.util.concurrent.locks.AbstractQueuedSynchronizer.acquireSharedInterruptibly(AbstractQueuedSynchronizer.java:1304)
    java.util.concurrent.Semaphore.acquire(Semaphore.java:312)
    org.apache.hadoop.hbase.ipc.FastPathBalancedQueueRpcExecutor$FastPathHandler.getCallRunner(FastPathBalancedQueueRpcExecutor.java:104)
    org.apache.hadoop.hbase.ipc.RpcExecutor$Handler.run(RpcExecutor.java:304)
Thread 104 (RpcServer.default.FPBQ.Fifo.handler=5,queue=2,port=16020):
  State: WAITING
  Blocked count: 0
  Waited count: 1
  Waiting on java.util.concurrent.Semaphore$NonfairSync@95eb320
  Stack:
    sun.misc.Unsafe.park(Native Method)
    java.util.concurrent.locks.LockSupport.park(LockSupport.java:175)
    java.util.concurrent.locks.AbstractQueuedSynchronizer.parkAndCheckInterrupt(AbstractQueuedSynchronizer.java:836)
    java.util.concurrent.locks.AbstractQueuedSynchronizer.doAcquireSharedInterruptibly(AbstractQueuedSynchronizer.java:997)
    java.util.concurrent.locks.AbstractQueuedSynchronizer.acquireSharedInterruptibly(AbstractQueuedSynchronizer.java:1304)
    java.util.concurrent.Semaphore.acquire(Semaphore.java:312)
    org.apache.hadoop.hbase.ipc.FastPathBalancedQueueRpcExecutor$FastPathHandler.getCallRunner(FastPathBalancedQueueRpcExecutor.java:104)
    org.apache.hadoop.hbase.ipc.RpcExecutor$Handler.run(RpcExecutor.java:304)
Thread 103 (RpcServer.default.FPBQ.Fifo.handler=4,queue=1,port=16020):
  State: WAITING
  Blocked count: 0
  Waited count: 1
  Waiting on java.util.concurrent.Semaphore$NonfairSync@2f521c4
  Stack:
    sun.misc.Unsafe.park(Native Method)
    java.util.concurrent.locks.LockSupport.park(LockSupport.java:175)
    java.util.concurrent.locks.AbstractQueuedSynchronizer.parkAndCheckInterrupt(AbstractQueuedSynchronizer.java:836)
    java.util.concurrent.locks.AbstractQueuedSynchronizer.doAcquireSharedInterruptibly(AbstractQueuedSynchronizer.java:997)
    java.util.concurrent.locks.AbstractQueuedSynchronizer.acquireSharedInterruptibly(AbstractQueuedSynchronizer.java:1304)
    java.util.concurrent.Semaphore.acquire(Semaphore.java:312)
    org.apache.hadoop.hbase.ipc.FastPathBalancedQueueRpcExecutor$FastPathHandler.getCallRunner(FastPathBalancedQueueRpcExecutor.java:104)
    org.apache.hadoop.hbase.ipc.RpcExecutor$Handler.run(RpcExecutor.java:304)
Thread 102 (RpcServer.default.FPBQ.Fifo.handler=3,queue=0,port=16020):
  State: WAITING
  Blocked count: 0
  Waited count: 1
  Waiting on java.util.concurrent.Semaphore$NonfairSync@4afbb6c2
  Stack:
    sun.misc.Unsafe.park(Native Method)
    java.util.concurrent.locks.LockSupport.park(LockSupport.java:175)
    java.util.concurrent.locks.AbstractQueuedSynchronizer.parkAndCheckInterrupt(AbstractQueuedSynchronizer.java:836)
    java.util.concurrent.locks.AbstractQueuedSynchronizer.doAcquireSharedInterruptibly(AbstractQueuedSynchronizer.java:997)
    java.util.concurrent.locks.AbstractQueuedSynchronizer.acquireSharedInterruptibly(AbstractQueuedSynchronizer.java:1304)
    java.util.concurrent.Semaphore.acquire(Semaphore.java:312)
    org.apache.hadoop.hbase.ipc.FastPathBalancedQueueRpcExecutor$FastPathHandler.getCallRunner(FastPathBalancedQueueRpcExecutor.java:104)
    org.apache.hadoop.hbase.ipc.RpcExecutor$Handler.run(RpcExecutor.java:304)
Thread 101 (RpcServer.default.FPBQ.Fifo.handler=2,queue=2,port=16020):
  State: WAITING
  Blocked count: 0
  Waited count: 1
  Waiting on java.util.concurrent.Semaphore$NonfairSync@10db6131
  Stack:
    sun.misc.Unsafe.park(Native Method)
    java.util.concurrent.locks.LockSupport.park(LockSupport.java:175)
    java.util.concurrent.locks.AbstractQueuedSynchronizer.parkAndCheckInterrupt(AbstractQueuedSynchronizer.java:836)
    java.util.concurrent.locks.AbstractQueuedSynchronizer.doAcquireSharedInterruptibly(AbstractQueuedSynchronizer.java:997)
    java.util.concurrent.locks.AbstractQueuedSynchronizer.acquireSharedInterruptibly(AbstractQueuedSynchronizer.java:1304)
    java.util.concurrent.Semaphore.acquire(Semaphore.java:312)
    org.apache.hadoop.hbase.ipc.FastPathBalancedQueueRpcExecutor$FastPathHandler.getCallRunner(FastPathBalancedQueueRpcExecutor.java:104)
    org.apache.hadoop.hbase.ipc.RpcExecutor$Handler.run(RpcExecutor.java:304)
Thread 100 (RpcServer.default.FPBQ.Fifo.handler=1,queue=1,port=16020):
  State: WAITING
  Blocked count: 0
  Waited count: 1
  Waiting on java.util.concurrent.Semaphore$NonfairSync@6c6017b9
  Stack:
    sun.misc.Unsafe.park(Native Method)
    java.util.concurrent.locks.LockSupport.park(LockSupport.java:175)
    java.util.concurrent.locks.AbstractQueuedSynchronizer.parkAndCheckInterrupt(AbstractQueuedSynchronizer.java:836)
    java.util.concurrent.locks.AbstractQueuedSynchronizer.doAcquireSharedInterruptibly(AbstractQueuedSynchronizer.java:997)
    java.util.concurrent.locks.AbstractQueuedSynchronizer.acquireSharedInterruptibly(AbstractQueuedSynchronizer.java:1304)
    java.util.concurrent.Semaphore.acquire(Semaphore.java:312)
    org.apache.hadoop.hbase.ipc.FastPathBalancedQueueRpcExecutor$FastPathHandler.getCallRunner(FastPathBalancedQueueRpcExecutor.java:104)
    org.apache.hadoop.hbase.ipc.RpcExecutor$Handler.run(RpcExecutor.java:304)
Thread 99 (RpcServer.default.FPBQ.Fifo.handler=0,queue=0,port=16020):
  State: WAITING
  Blocked count: 0
  Waited count: 1
  Waiting on java.util.concurrent.Semaphore$NonfairSync@4730e0f0
  Stack:
    sun.misc.Unsafe.park(Native Method)
    java.util.concurrent.locks.LockSupport.park(LockSupport.java:175)
    java.util.concurrent.locks.AbstractQueuedSynchronizer.parkAndCheckInterrupt(AbstractQueuedSynchronizer.java:836)
    java.util.concurrent.locks.AbstractQueuedSynchronizer.doAcquireSharedInterruptibly(AbstractQueuedSynchronizer.java:997)
    java.util.concurrent.locks.AbstractQueuedSynchronizer.acquireSharedInterruptibly(AbstractQueuedSynchronizer.java:1304)
    java.util.concurrent.Semaphore.acquire(Semaphore.java:312)
    org.apache.hadoop.hbase.ipc.FastPathBalancedQueueRpcExecutor$FastPathHandler.getCallRunner(FastPathBalancedQueueRpcExecutor.java:104)
    org.apache.hadoop.hbase.ipc.RpcExecutor$Handler.run(RpcExecutor.java:304)
Thread 98 (main-EventThread):
  State: WAITING
  Blocked count: 7
  Waited count: 7
  Waiting on java.util.concurrent.locks.AbstractQueuedSynchronizer$ConditionObject@506a1372
  Stack:
    sun.misc.Unsafe.park(Native Method)
    java.util.concurrent.locks.LockSupport.park(LockSupport.java:175)
    java.util.concurrent.locks.AbstractQueuedSynchronizer$ConditionObject.await(AbstractQueuedSynchronizer.java:2039)
    java.util.concurrent.LinkedBlockingQueue.take(LinkedBlockingQueue.java:442)
    org.apache.zookeeper.ClientCnxn$EventThread.run(ClientCnxn.java:501)
Thread 97 (main-SendThread(localhost:2181)):
  State: TIMED_WAITING
  Blocked count: 2
  Waited count: 548
  Stack:
    java.lang.Thread.sleep(Native Method)
    org.apache.zookeeper.ClientCnxn$SendThread.run(ClientCnxn.java:1051)
Thread 96 (LruBlockCacheStatsExecutor):
  State: TIMED_WAITING
  Blocked count: 0
  Waited count: 2
  Stack:
    sun.misc.Unsafe.park(Native Method)
    java.util.concurrent.locks.LockSupport.parkNanos(LockSupport.java:215)
    java.util.concurrent.locks.AbstractQueuedSynchronizer$ConditionObject.awaitNanos(AbstractQueuedSynchronizer.java:2078)
    java.util.concurrent.ScheduledThreadPoolExecutor$DelayedWorkQueue.take(ScheduledThreadPoolExecutor.java:1093)
    java.util.concurrent.ScheduledThreadPoolExecutor$DelayedWorkQueue.take(ScheduledThreadPoolExecutor.java:809)
    java.util.concurrent.ThreadPoolExecutor.getTask(ThreadPoolExecutor.java:1074)
    java.util.concurrent.ThreadPoolExecutor.runWorker(ThreadPoolExecutor.java:1134)
    java.util.concurrent.ThreadPoolExecutor$Worker.run(ThreadPoolExecutor.java:624)
    java.lang.Thread.run(Thread.java:748)
Thread 94 (main.LruBlockCache.EvictionThread):
  State: TIMED_WAITING
  Blocked count: 0
  Waited count: 31
  Stack:
    java.lang.Object.wait(Native Method)
    org.apache.hadoop.hbase.io.hfile.LruBlockCache$EvictionThread.run(LruBlockCache.java:888)
    java.lang.Thread.run(Thread.java:748)
Thread 93 (RS-EventLoopGroup-3-1):
  State: RUNNABLE
  Blocked count: 0
  Waited count: 0
  Stack:
    org.apache.hbase.thirdparty.io.netty.channel.epoll.Native.epollWait0(Native Method)
    org.apache.hbase.thirdparty.io.netty.channel.epoll.Native.epollWait(Native.java:122)
    org.apache.hbase.thirdparty.io.netty.channel.epoll.EpollEventLoop.epollWait(EpollEventLoop.java:235)
    org.apache.hbase.thirdparty.io.netty.channel.epoll.EpollEventLoop.run(EpollEventLoop.java:252)
    org.apache.hbase.thirdparty.io.netty.util.concurrent.SingleThreadEventExecutor$5.run(SingleThreadEventExecutor.java:858)
    org.apache.hbase.thirdparty.io.netty.util.concurrent.DefaultThreadFactory$DefaultRunnableDecorator.run(DefaultThreadFactory.java:138)
    java.lang.Thread.run(Thread.java:748)
Thread 26 (client DomainSocketWatcher):
  State: RUNNABLE
  Blocked count: 0
  Waited count: 0
  Stack:
    org.apache.hadoop.net.unix.DomainSocketWatcher.doPoll0(Native Method)
    org.apache.hadoop.net.unix.DomainSocketWatcher.access$900(DomainSocketWatcher.java:52)
    org.apache.hadoop.net.unix.DomainSocketWatcher$2.run(DomainSocketWatcher.java:503)
    java.lang.Thread.run(Thread.java:748)
Thread 24 (org.apache.hadoop.fs.FileSystem$Statistics$StatisticsDataReferenceCleaner):
  State: WAITING
  Blocked count: 1
  Waited count: 2
  Waiting on java.lang.ref.ReferenceQueue$Lock@37b56ac7
  Stack:
    java.lang.Object.wait(Native Method)
    java.lang.ref.ReferenceQueue.remove(ReferenceQueue.java:144)
    java.lang.ref.ReferenceQueue.remove(ReferenceQueue.java:165)
    org.apache.hadoop.fs.FileSystem$Statistics$StatisticsDataReferenceCleaner.run(FileSystem.java:3060)
    java.lang.Thread.run(Thread.java:748)
Thread 21 (RS-EventLoopGroup-1-1):
  State: RUNNABLE
  Blocked count: 4
  Waited count: 0
  Stack:
    org.apache.hbase.thirdparty.io.netty.channel.epoll.Native.epollWait0(Native Method)
    org.apache.hbase.thirdparty.io.netty.channel.epoll.Native.epollWait(Native.java:122)
    org.apache.hbase.thirdparty.io.netty.channel.epoll.EpollEventLoop.epollWait(EpollEventLoop.java:235)
    org.apache.hbase.thirdparty.io.netty.channel.epoll.EpollEventLoop.run(EpollEventLoop.java:252)
    org.apache.hbase.thirdparty.io.netty.util.concurrent.SingleThreadEventExecutor$5.run(SingleThreadEventExecutor.java:858)
    org.apache.hbase.thirdparty.io.netty.util.concurrent.DefaultThreadFactory$DefaultRunnableDecorator.run(DefaultThreadFactory.java:138)
    java.lang.Thread.run(Thread.java:748)
Thread 20 (HBase-Metrics2-1):
  State: TIMED_WAITING
  Blocked count: 0
  Waited count: 31
  Stack:
    sun.misc.Unsafe.park(Native Method)
    java.util.concurrent.locks.LockSupport.parkNanos(LockSupport.java:215)
    java.util.concurrent.locks.AbstractQueuedSynchronizer$ConditionObject.awaitNanos(AbstractQueuedSynchronizer.java:2078)
    java.util.concurrent.ScheduledThreadPoolExecutor$DelayedWorkQueue.take(ScheduledThreadPoolExecutor.java:1093)
    java.util.concurrent.ScheduledThreadPoolExecutor$DelayedWorkQueue.take(ScheduledThreadPoolExecutor.java:809)
    java.util.concurrent.ThreadPoolExecutor.getTask(ThreadPoolExecutor.java:1074)
    java.util.concurrent.ThreadPoolExecutor.runWorker(ThreadPoolExecutor.java:1134)
    java.util.concurrent.ThreadPoolExecutor$Worker.run(ThreadPoolExecutor.java:624)
    java.lang.Thread.run(Thread.java:748)
Thread 19 (Timer for 'HBase' metrics system):
  State: TIMED_WAITING
  Blocked count: 0
  Waited count: 31
  Stack:
    java.lang.Object.wait(Native Method)
    java.util.TimerThread.mainLoop(Timer.java:552)
    java.util.TimerThread.run(Timer.java:505)
Thread 5 (Signal Dispatcher):
  State: RUNNABLE
  Blocked count: 0
  Waited count: 0
  Stack:
Thread 3 (Finalizer):
  State: WAITING
  Blocked count: 216
  Waited count: 16
  Waiting on java.lang.ref.ReferenceQueue$Lock@50dfbc58
  Stack:
    java.lang.Object.wait(Native Method)
    java.lang.ref.ReferenceQueue.remove(ReferenceQueue.java:144)
    java.lang.ref.ReferenceQueue.remove(ReferenceQueue.java:165)
    java.lang.ref.Finalizer$FinalizerThread.run(Finalizer.java:216)
Thread 2 (Reference Handler):
  State: WAITING
  Blocked count: 14
  Waited count: 13
  Waiting on java.lang.ref.Reference$Lock@4416d64f
  Stack:
    java.lang.Object.wait(Native Method)
    java.lang.Object.wait(Object.java:502)
    java.lang.ref.Reference.tryHandlePending(Reference.java:191)
    java.lang.ref.Reference$ReferenceHandler.run(Reference.java:153)
Thread 1 (main):
  State: RUNNABLE
  Blocked count: 30
  Waited count: 3014
  Stack:
    sun.management.ThreadImpl.getThreadInfo1(Native Method)
    sun.management.ThreadImpl.getThreadInfo(ThreadImpl.java:178)
    sun.management.ThreadImpl.getThreadInfo(ThreadImpl.java:139)
    org.apache.hadoop.util.ReflectionUtils.printThreadInfo(ReflectionUtils.java:168)
    sun.reflect.NativeMethodAccessorImpl.invoke0(Native Method)
    sun.reflect.NativeMethodAccessorImpl.invoke(NativeMethodAccessorImpl.java:62)
    sun.reflect.DelegatingMethodAccessorImpl.invoke(DelegatingMethodAccessorImpl.java:43)
    java.lang.reflect.Method.invoke(Method.java:498)
    org.apache.hadoop.hbase.util.Threads$PrintThreadInfoLazyHolder$1.printThreadInfo(Threads.java:294)
    org.apache.hadoop.hbase.util.Threads.printThreadInfo(Threads.java:341)
    org.apache.hadoop.hbase.util.JVMClusterUtil.waitForEvent(JVMClusterUtil.java:228)
    org.apache.hadoop.hbase.util.JVMClusterUtil.startup(JVMClusterUtil.java:185)
    org.apache.hadoop.hbase.LocalHBaseCluster.startup(LocalHBaseCluster.java:413)
    org.apache.hadoop.hbase.master.HMasterCommandLine.startMaster(HMasterCommandLine.java:232)
    org.apache.hadoop.hbase.master.HMasterCommandLine.run(HMasterCommandLine.java:140)
    org.apache.hadoop.util.ToolRunner.run(ToolRunner.java:70)
    org.apache.hadoop.hbase.util.ServerCommandLine.doMain(ServerCommandLine.java:149)
    org.apache.hadoop.hbase.master.HMaster.main(HMaster.java:3103)
