2019-09-16 11:13:17,926 INFO org.apache.hadoop.hdfs.server.namenode.NameNode: STARTUP_MSG: 
/************************************************************
STARTUP_MSG: Starting NameNode
STARTUP_MSG:   host = hadoopmaster.solutis.net.br/172.29.70.242
STARTUP_MSG:   args = []
STARTUP_MSG:   version = 2.9.2
STARTUP_MSG:   classpath = /services/hadoop/etc/hadoop:/services/hadoop/share/hadoop/common/lib/xz-1.0.jar:/services/hadoop/share/hadoop/common/lib/activation-1.1.jar:/services/hadoop/share/hadoop/common/lib/mockito-all-1.8.5.jar:/services/hadoop/share/hadoop/common/lib/jackson-mapper-asl-1.9.13.jar:/services/hadoop/share/hadoop/common/lib/gson-2.2.4.jar:/services/hadoop/share/hadoop/common/lib/httpclient-4.5.2.jar:/services/hadoop/share/hadoop/common/lib/jersey-core-1.9.jar:/services/hadoop/share/hadoop/common/lib/commons-compress-1.4.1.jar:/services/hadoop/share/hadoop/common/lib/jetty-sslengine-6.1.26.jar:/services/hadoop/share/hadoop/common/lib/curator-recipes-2.7.1.jar:/services/hadoop/share/hadoop/common/lib/jsr305-3.0.0.jar:/services/hadoop/share/hadoop/common/lib/xmlenc-0.52.jar:/services/hadoop/share/hadoop/common/lib/commons-configuration-1.6.jar:/services/hadoop/share/hadoop/common/lib/stax2-api-3.1.4.jar:/services/hadoop/share/hadoop/common/lib/commons-math3-3.1.1.jar:/services/hadoop/share/hadoop/common/lib/woodstox-core-5.0.3.jar:/services/hadoop/share/hadoop/common/lib/jsp-api-2.1.jar:/services/hadoop/share/hadoop/common/lib/jsch-0.1.54.jar:/services/hadoop/share/hadoop/common/lib/jetty-6.1.26.jar:/services/hadoop/share/hadoop/common/lib/java-xmlbuilder-0.4.jar:/services/hadoop/share/hadoop/common/lib/commons-net-3.1.jar:/services/hadoop/share/hadoop/common/lib/hadoop-auth-2.9.2.jar:/services/hadoop/share/hadoop/common/lib/commons-digester-1.8.jar:/services/hadoop/share/hadoop/common/lib/commons-logging-1.1.3.jar:/services/hadoop/share/hadoop/common/lib/jettison-1.1.jar:/services/hadoop/share/hadoop/common/lib/asm-3.2.jar:/services/hadoop/share/hadoop/common/lib/commons-io-2.4.jar:/services/hadoop/share/hadoop/common/lib/jaxb-impl-2.2.3-1.jar:/services/hadoop/share/hadoop/common/lib/httpcore-4.4.4.jar:/services/hadoop/share/hadoop/common/lib/slf4j-log4j12-1.7.25.jar:/services/hadoop/share/hadoop/common/lib/jcip-annotations-1.0-1.jar:/services/hadoop/share/hadoop/common/lib/hamcrest-core-1.3.jar:/services/hadoop/share/hadoop/common/lib/jaxb-api-2.2.2.jar:/services/hadoop/share/hadoop/common/lib/jersey-server-1.9.jar:/services/hadoop/share/hadoop/common/lib/commons-cli-1.2.jar:/services/hadoop/share/hadoop/common/lib/jetty-util-6.1.26.jar:/services/hadoop/share/hadoop/common/lib/guava-11.0.2.jar:/services/hadoop/share/hadoop/common/lib/servlet-api-2.5.jar:/services/hadoop/share/hadoop/common/lib/htrace-core-3.1.0-incubating.jar:/services/hadoop/share/hadoop/common/lib/api-asn1-api-1.0.0-M20.jar:/services/hadoop/share/hadoop/common/lib/jackson-xc-1.9.13.jar:/services/hadoop/share/hadoop/common/lib/log4j-1.2.17.jar:/services/hadoop/share/hadoop/common/lib/protobuf-java-2.5.0.jar:/services/hadoop/share/hadoop/common/lib/netty-3.6.2.Final.jar:/services/hadoop/share/hadoop/common/lib/junit-4.11.jar:/services/hadoop/share/hadoop/common/lib/nimbus-jose-jwt-4.41.1.jar:/services/hadoop/share/hadoop/common/lib/jackson-core-asl-1.9.13.jar:/services/hadoop/share/hadoop/common/lib/snappy-java-1.0.5.jar:/services/hadoop/share/hadoop/common/lib/commons-beanutils-1.7.0.jar:/services/hadoop/share/hadoop/common/lib/hadoop-annotations-2.9.2.jar:/services/hadoop/share/hadoop/common/lib/zookeeper-3.4.6.jar:/services/hadoop/share/hadoop/common/lib/json-smart-1.3.1.jar:/services/hadoop/share/hadoop/common/lib/jersey-json-1.9.jar:/services/hadoop/share/hadoop/common/lib/paranamer-2.3.jar:/services/hadoop/share/hadoop/common/lib/curator-client-2.7.1.jar:/services/hadoop/share/hadoop/common/lib/jackson-jaxrs-1.9.13.jar:/services/hadoop/share/hadoop/common/lib/commons-lang-2.6.jar:/services/hadoop/share/hadoop/common/lib/commons-collections-3.2.2.jar:/services/hadoop/share/hadoop/common/lib/avro-1.7.7.jar:/services/hadoop/share/hadoop/common/lib/stax-api-1.0-2.jar:/services/hadoop/share/hadoop/common/lib/slf4j-api-1.7.25.jar:/services/hadoop/share/hadoop/common/lib/commons-beanutils-core-1.8.0.jar:/services/hadoop/share/hadoop/common/lib/jets3t-0.9.0.jar:/services/hadoop/share/hadoop/common/lib/api-util-1.0.0-M20.jar:/services/hadoop/share/hadoop/common/lib/curator-framework-2.7.1.jar:/services/hadoop/share/hadoop/common/lib/apacheds-kerberos-codec-2.0.0-M15.jar:/services/hadoop/share/hadoop/common/lib/apacheds-i18n-2.0.0-M15.jar:/services/hadoop/share/hadoop/common/lib/commons-codec-1.4.jar:/services/hadoop/share/hadoop/common/lib/htrace-core4-4.1.0-incubating.jar:/services/hadoop/share/hadoop/common/lib/commons-lang3-3.4.jar:/services/hadoop/share/hadoop/common/hadoop-nfs-2.9.2.jar:/services/hadoop/share/hadoop/common/hadoop-common-2.9.2-tests.jar:/services/hadoop/share/hadoop/common/hadoop-common-2.9.2.jar:/services/hadoop/share/hadoop/hdfs:/services/hadoop/share/hadoop/hdfs/lib/jackson-mapper-asl-1.9.13.jar:/services/hadoop/share/hadoop/hdfs/lib/leveldbjni-all-1.8.jar:/services/hadoop/share/hadoop/hdfs/lib/jersey-core-1.9.jar:/services/hadoop/share/hadoop/hdfs/lib/xml-apis-1.3.04.jar:/services/hadoop/share/hadoop/hdfs/lib/jsr305-3.0.0.jar:/services/hadoop/share/hadoop/hdfs/lib/xmlenc-0.52.jar:/services/hadoop/share/hadoop/hdfs/lib/jackson-core-2.7.8.jar:/services/hadoop/share/hadoop/hdfs/lib/jackson-databind-2.7.8.jar:/services/hadoop/share/hadoop/hdfs/lib/jetty-6.1.26.jar:/services/hadoop/share/hadoop/hdfs/lib/netty-all-4.0.23.Final.jar:/services/hadoop/share/hadoop/hdfs/lib/commons-logging-1.1.3.jar:/services/hadoop/share/hadoop/hdfs/lib/asm-3.2.jar:/services/hadoop/share/hadoop/hdfs/lib/commons-io-2.4.jar:/services/hadoop/share/hadoop/hdfs/lib/jersey-server-1.9.jar:/services/hadoop/share/hadoop/hdfs/lib/commons-cli-1.2.jar:/services/hadoop/share/hadoop/hdfs/lib/jetty-util-6.1.26.jar:/services/hadoop/share/hadoop/hdfs/lib/guava-11.0.2.jar:/services/hadoop/share/hadoop/hdfs/lib/servlet-api-2.5.jar:/services/hadoop/share/hadoop/hdfs/lib/okhttp-2.7.5.jar:/services/hadoop/share/hadoop/hdfs/lib/log4j-1.2.17.jar:/services/hadoop/share/hadoop/hdfs/lib/protobuf-java-2.5.0.jar:/services/hadoop/share/hadoop/hdfs/lib/netty-3.6.2.Final.jar:/services/hadoop/share/hadoop/hdfs/lib/okio-1.6.0.jar:/services/hadoop/share/hadoop/hdfs/lib/jackson-annotations-2.7.8.jar:/services/hadoop/share/hadoop/hdfs/lib/jackson-core-asl-1.9.13.jar:/services/hadoop/share/hadoop/hdfs/lib/commons-lang-2.6.jar:/services/hadoop/share/hadoop/hdfs/lib/xercesImpl-2.9.1.jar:/services/hadoop/share/hadoop/hdfs/lib/commons-daemon-1.0.13.jar:/services/hadoop/share/hadoop/hdfs/lib/commons-codec-1.4.jar:/services/hadoop/share/hadoop/hdfs/lib/htrace-core4-4.1.0-incubating.jar:/services/hadoop/share/hadoop/hdfs/lib/hadoop-hdfs-client-2.9.2.jar:/services/hadoop/share/hadoop/hdfs/hadoop-hdfs-client-2.9.2-tests.jar:/services/hadoop/share/hadoop/hdfs/hadoop-hdfs-native-client-2.9.2-tests.jar:/services/hadoop/share/hadoop/hdfs/hadoop-hdfs-2.9.2-tests.jar:/services/hadoop/share/hadoop/hdfs/hadoop-hdfs-rbf-2.9.2-tests.jar:/services/hadoop/share/hadoop/hdfs/hadoop-hdfs-rbf-2.9.2.jar:/services/hadoop/share/hadoop/hdfs/hadoop-hdfs-2.9.2.jar:/services/hadoop/share/hadoop/hdfs/hadoop-hdfs-native-client-2.9.2.jar:/services/hadoop/share/hadoop/hdfs/hadoop-hdfs-nfs-2.9.2.jar:/services/hadoop/share/hadoop/hdfs/hadoop-hdfs-client-2.9.2.jar:/services/hadoop/share/hadoop/yarn:/services/hadoop/share/hadoop/yarn/lib/xz-1.0.jar:/services/hadoop/share/hadoop/yarn/lib/HikariCP-java7-2.4.12.jar:/services/hadoop/share/hadoop/yarn/lib/activation-1.1.jar:/services/hadoop/share/hadoop/yarn/lib/jackson-mapper-asl-1.9.13.jar:/services/hadoop/share/hadoop/yarn/lib/gson-2.2.4.jar:/services/hadoop/share/hadoop/yarn/lib/leveldbjni-all-1.8.jar:/services/hadoop/share/hadoop/yarn/lib/httpclient-4.5.2.jar:/services/hadoop/share/hadoop/yarn/lib/jersey-core-1.9.jar:/services/hadoop/share/hadoop/yarn/lib/commons-compress-1.4.1.jar:/services/hadoop/share/hadoop/yarn/lib/jetty-sslengine-6.1.26.jar:/services/hadoop/share/hadoop/yarn/lib/curator-recipes-2.7.1.jar:/services/hadoop/share/hadoop/yarn/lib/jsr305-3.0.0.jar:/services/hadoop/share/hadoop/yarn/lib/xmlenc-0.52.jar:/services/hadoop/share/hadoop/yarn/lib/commons-configuration-1.6.jar:/services/hadoop/share/hadoop/yarn/lib/stax2-api-3.1.4.jar:/services/hadoop/share/hadoop/yarn/lib/commons-math3-3.1.1.jar:/services/hadoop/share/hadoop/yarn/lib/woodstox-core-5.0.3.jar:/services/hadoop/share/hadoop/yarn/lib/jsp-api-2.1.jar:/services/hadoop/share/hadoop/yarn/lib/jsch-0.1.54.jar:/services/hadoop/share/hadoop/yarn/lib/jetty-6.1.26.jar:/services/hadoop/share/hadoop/yarn/lib/java-xmlbuilder-0.4.jar:/services/hadoop/share/hadoop/yarn/lib/commons-net-3.1.jar:/services/hadoop/share/hadoop/yarn/lib/commons-digester-1.8.jar:/services/hadoop/share/hadoop/yarn/lib/jersey-client-1.9.jar:/services/hadoop/share/hadoop/yarn/lib/commons-logging-1.1.3.jar:/services/hadoop/share/hadoop/yarn/lib/jettison-1.1.jar:/services/hadoop/share/hadoop/yarn/lib/asm-3.2.jar:/services/hadoop/share/hadoop/yarn/lib/commons-io-2.4.jar:/services/hadoop/share/hadoop/yarn/lib/jaxb-impl-2.2.3-1.jar:/services/hadoop/share/hadoop/yarn/lib/httpcore-4.4.4.jar:/services/hadoop/share/hadoop/yarn/lib/guice-servlet-3.0.jar:/services/hadoop/share/hadoop/yarn/lib/jcip-annotations-1.0-1.jar:/services/hadoop/share/hadoop/yarn/lib/fst-2.50.jar:/services/hadoop/share/hadoop/yarn/lib/jaxb-api-2.2.2.jar:/services/hadoop/share/hadoop/yarn/lib/jersey-server-1.9.jar:/services/hadoop/share/hadoop/yarn/lib/commons-cli-1.2.jar:/services/hadoop/share/hadoop/yarn/lib/jetty-util-6.1.26.jar:/services/hadoop/share/hadoop/yarn/lib/guava-11.0.2.jar:/services/hadoop/share/hadoop/yarn/lib/servlet-api-2.5.jar:/services/hadoop/share/hadoop/yarn/lib/api-asn1-api-1.0.0-M20.jar:/services/hadoop/share/hadoop/yarn/lib/json-io-2.5.1.jar:/services/hadoop/share/hadoop/yarn/lib/jackson-xc-1.9.13.jar:/services/hadoop/share/hadoop/yarn/lib/javax.inject-1.jar:/services/hadoop/share/hadoop/yarn/lib/log4j-1.2.17.jar:/services/hadoop/share/hadoop/yarn/lib/guice-3.0.jar:/services/hadoop/share/hadoop/yarn/lib/geronimo-jcache_1.0_spec-1.0-alpha-1.jar:/services/hadoop/share/hadoop/yarn/lib/protobuf-java-2.5.0.jar:/services/hadoop/share/hadoop/yarn/lib/netty-3.6.2.Final.jar:/services/hadoop/share/hadoop/yarn/lib/nimbus-jose-jwt-4.41.1.jar:/services/hadoop/share/hadoop/yarn/lib/jackson-core-asl-1.9.13.jar:/services/hadoop/share/hadoop/yarn/lib/snappy-java-1.0.5.jar:/services/hadoop/share/hadoop/yarn/lib/commons-beanutils-1.7.0.jar:/services/hadoop/share/hadoop/yarn/lib/zookeeper-3.4.6.jar:/services/hadoop/share/hadoop/yarn/lib/json-smart-1.3.1.jar:/services/hadoop/share/hadoop/yarn/lib/jersey-json-1.9.jar:/services/hadoop/share/hadoop/yarn/lib/jersey-guice-1.9.jar:/services/hadoop/share/hadoop/yarn/lib/ehcache-3.3.1.jar:/services/hadoop/share/hadoop/yarn/lib/paranamer-2.3.jar:/services/hadoop/share/hadoop/yarn/lib/curator-client-2.7.1.jar:/services/hadoop/share/hadoop/yarn/lib/metrics-core-3.0.1.jar:/services/hadoop/share/hadoop/yarn/lib/jackson-jaxrs-1.9.13.jar:/services/hadoop/share/hadoop/yarn/lib/commons-lang-2.6.jar:/services/hadoop/share/hadoop/yarn/lib/commons-collections-3.2.2.jar:/services/hadoop/share/hadoop/yarn/lib/avro-1.7.7.jar:/services/hadoop/share/hadoop/yarn/lib/java-util-1.9.0.jar:/services/hadoop/share/hadoop/yarn/lib/stax-api-1.0-2.jar:/services/hadoop/share/hadoop/yarn/lib/commons-beanutils-core-1.8.0.jar:/services/hadoop/share/hadoop/yarn/lib/jets3t-0.9.0.jar:/services/hadoop/share/hadoop/yarn/lib/api-util-1.0.0-M20.jar:/services/hadoop/share/hadoop/yarn/lib/curator-framework-2.7.1.jar:/services/hadoop/share/hadoop/yarn/lib/apacheds-kerberos-codec-2.0.0-M15.jar:/services/hadoop/share/hadoop/yarn/lib/aopalliance-1.0.jar:/services/hadoop/share/hadoop/yarn/lib/mssql-jdbc-6.2.1.jre7.jar:/services/hadoop/share/hadoop/yarn/lib/apacheds-i18n-2.0.0-M15.jar:/services/hadoop/share/hadoop/yarn/lib/commons-codec-1.4.jar:/services/hadoop/share/hadoop/yarn/lib/htrace-core4-4.1.0-incubating.jar:/services/hadoop/share/hadoop/yarn/lib/commons-lang3-3.4.jar:/services/hadoop/share/hadoop/yarn/hadoop-yarn-applications-unmanaged-am-launcher-2.9.2.jar:/services/hadoop/share/hadoop/yarn/hadoop-yarn-api-2.9.2.jar:/services/hadoop/share/hadoop/yarn/hadoop-yarn-server-resourcemanager-2.9.2.jar:/services/hadoop/share/hadoop/yarn/hadoop-yarn-server-web-proxy-2.9.2.jar:/services/hadoop/share/hadoop/yarn/hadoop-yarn-server-common-2.9.2.jar:/services/hadoop/share/hadoop/yarn/hadoop-yarn-common-2.9.2.jar:/services/hadoop/share/hadoop/yarn/hadoop-yarn-server-tests-2.9.2.jar:/services/hadoop/share/hadoop/yarn/hadoop-yarn-server-timeline-pluginstorage-2.9.2.jar:/services/hadoop/share/hadoop/yarn/hadoop-yarn-server-nodemanager-2.9.2.jar:/services/hadoop/share/hadoop/yarn/hadoop-yarn-registry-2.9.2.jar:/services/hadoop/share/hadoop/yarn/hadoop-yarn-server-applicationhistoryservice-2.9.2.jar:/services/hadoop/share/hadoop/yarn/hadoop-yarn-applications-distributedshell-2.9.2.jar:/services/hadoop/share/hadoop/yarn/hadoop-yarn-server-router-2.9.2.jar:/services/hadoop/share/hadoop/yarn/hadoop-yarn-client-2.9.2.jar:/services/hadoop/share/hadoop/yarn/hadoop-yarn-server-sharedcachemanager-2.9.2.jar:/services/hadoop/share/hadoop/mapreduce/lib/xz-1.0.jar:/services/hadoop/share/hadoop/mapreduce/lib/jackson-mapper-asl-1.9.13.jar:/services/hadoop/share/hadoop/mapreduce/lib/leveldbjni-all-1.8.jar:/services/hadoop/share/hadoop/mapreduce/lib/jersey-core-1.9.jar:/services/hadoop/share/hadoop/mapreduce/lib/commons-compress-1.4.1.jar:/services/hadoop/share/hadoop/mapreduce/lib/asm-3.2.jar:/services/hadoop/share/hadoop/mapreduce/lib/commons-io-2.4.jar:/services/hadoop/share/hadoop/mapreduce/lib/guice-servlet-3.0.jar:/services/hadoop/share/hadoop/mapreduce/lib/hamcrest-core-1.3.jar:/services/hadoop/share/hadoop/mapreduce/lib/jersey-server-1.9.jar:/services/hadoop/share/hadoop/mapreduce/lib/javax.inject-1.jar:/services/hadoop/share/hadoop/mapreduce/lib/log4j-1.2.17.jar:/services/hadoop/share/hadoop/mapreduce/lib/guice-3.0.jar:/services/hadoop/share/hadoop/mapreduce/lib/protobuf-java-2.5.0.jar:/services/hadoop/share/hadoop/mapreduce/lib/netty-3.6.2.Final.jar:/services/hadoop/share/hadoop/mapreduce/lib/junit-4.11.jar:/services/hadoop/share/hadoop/mapreduce/lib/jackson-core-asl-1.9.13.jar:/services/hadoop/share/hadoop/mapreduce/lib/snappy-java-1.0.5.jar:/services/hadoop/share/hadoop/mapreduce/lib/hadoop-annotations-2.9.2.jar:/services/hadoop/share/hadoop/mapreduce/lib/jersey-guice-1.9.jar:/services/hadoop/share/hadoop/mapreduce/lib/paranamer-2.3.jar:/services/hadoop/share/hadoop/mapreduce/lib/avro-1.7.7.jar:/services/hadoop/share/hadoop/mapreduce/lib/aopalliance-1.0.jar:/services/hadoop/share/hadoop/mapreduce/hadoop-mapreduce-client-hs-plugins-2.9.2.jar:/services/hadoop/share/hadoop/mapreduce/hadoop-mapreduce-client-jobclient-2.9.2.jar:/services/hadoop/share/hadoop/mapreduce/hadoop-mapreduce-client-app-2.9.2.jar:/services/hadoop/share/hadoop/mapreduce/hadoop-mapreduce-client-jobclient-2.9.2-tests.jar:/services/hadoop/share/hadoop/mapreduce/hadoop-mapreduce-client-core-2.9.2.jar:/services/hadoop/share/hadoop/mapreduce/hadoop-mapreduce-examples-2.9.2.jar:/services/hadoop/share/hadoop/mapreduce/hadoop-mapreduce-client-common-2.9.2.jar:/services/hadoop/share/hadoop/mapreduce/hadoop-mapreduce-client-shuffle-2.9.2.jar:/services/hadoop/share/hadoop/mapreduce/hadoop-mapreduce-client-hs-2.9.2.jar:/contrib/capacity-scheduler/*.jar:/contrib/capacity-scheduler/*.jar:/contrib/capacity-scheduler/*.jar
STARTUP_MSG:   build = https://git-wip-us.apache.org/repos/asf/hadoop.git -r 826afbeae31ca687bc2f8471dc841b66ed2c6704; compiled by 'ajisaka' on 2018-11-13T12:42Z
STARTUP_MSG:   java = 1.8.0_222
************************************************************/
2019-09-16 11:13:17,934 INFO org.apache.hadoop.hdfs.server.namenode.NameNode: registered UNIX signal handlers for [TERM, HUP, INT]
2019-09-16 11:13:18,005 INFO org.apache.hadoop.hdfs.server.namenode.NameNode: createNameNode []
2019-09-16 11:13:18,076 INFO org.apache.hadoop.metrics2.impl.MetricsConfig: loaded properties from hadoop-metrics2.properties
2019-09-16 11:13:18,174 INFO org.apache.hadoop.metrics2.impl.MetricsSystemImpl: Scheduled Metric snapshot period at 10 second(s).
2019-09-16 11:13:18,175 INFO org.apache.hadoop.metrics2.impl.MetricsSystemImpl: NameNode metrics system started
2019-09-16 11:13:18,200 INFO org.apache.hadoop.hdfs.server.namenode.NameNode: fs.defaultFS is hdfs://hadoopmaster:9000
2019-09-16 11:13:18,203 INFO org.apache.hadoop.hdfs.server.namenode.NameNode: Clients are to use hadoopmaster:9000 to access this namenode/service.
2019-09-16 11:13:18,317 INFO org.apache.hadoop.util.JvmPauseMonitor: Starting JVM pause monitor
2019-09-16 11:13:18,328 INFO org.apache.hadoop.hdfs.DFSUtil: Starting Web-server for hdfs at: http://0.0.0.0:50070
2019-09-16 11:13:18,378 INFO org.mortbay.log: Logging to org.slf4j.impl.Log4jLoggerAdapter(org.mortbay.log) via org.mortbay.log.Slf4jLog
2019-09-16 11:13:18,386 INFO org.apache.hadoop.security.authentication.server.AuthenticationFilter: Unable to initialize FileSignerSecretProvider, falling back to use random secrets.
2019-09-16 11:13:18,398 INFO org.apache.hadoop.http.HttpRequestLog: Http request log for http.requests.namenode is not defined
2019-09-16 11:13:18,401 INFO org.apache.hadoop.http.HttpServer2: Added global filter 'safety' (class=org.apache.hadoop.http.HttpServer2$QuotingInputFilter)
2019-09-16 11:13:18,403 INFO org.apache.hadoop.http.HttpServer2: Added filter static_user_filter (class=org.apache.hadoop.http.lib.StaticUserWebFilter$StaticUserFilter) to context hdfs
2019-09-16 11:13:18,403 INFO org.apache.hadoop.http.HttpServer2: Added filter static_user_filter (class=org.apache.hadoop.http.lib.StaticUserWebFilter$StaticUserFilter) to context logs
2019-09-16 11:13:18,403 INFO org.apache.hadoop.http.HttpServer2: Added filter static_user_filter (class=org.apache.hadoop.http.lib.StaticUserWebFilter$StaticUserFilter) to context static
2019-09-16 11:13:18,487 INFO org.apache.hadoop.http.HttpServer2: Added filter 'org.apache.hadoop.hdfs.web.AuthFilter' (class=org.apache.hadoop.hdfs.web.AuthFilter)
2019-09-16 11:13:18,487 INFO org.apache.hadoop.http.HttpServer2: addJerseyResourcePackage: packageName=org.apache.hadoop.hdfs.server.namenode.web.resources;org.apache.hadoop.hdfs.web.resources, pathSpec=/webhdfs/v1/*
2019-09-16 11:13:18,503 INFO org.apache.hadoop.http.HttpServer2: Jetty bound to port 50070
2019-09-16 11:13:18,503 INFO org.mortbay.log: jetty-6.1.26
2019-09-16 11:13:18,672 INFO org.mortbay.log: Started HttpServer2$SelectChannelConnectorWithSafeStartup@0.0.0.0:50070
2019-09-16 11:13:18,687 WARN org.apache.hadoop.hdfs.server.common.Util: Path /services/hdfs/nameNode should be specified as a URI in configuration files. Please update hdfs configuration.
2019-09-16 11:13:18,687 WARN org.apache.hadoop.hdfs.server.common.Util: Path /services/hdfs/nameNode should be specified as a URI in configuration files. Please update hdfs configuration.
2019-09-16 11:13:18,687 WARN org.apache.hadoop.hdfs.server.namenode.FSNamesystem: Only one image storage directory (dfs.namenode.name.dir) configured. Beware of data loss due to lack of redundant storage directories!
2019-09-16 11:13:18,687 WARN org.apache.hadoop.hdfs.server.namenode.FSNamesystem: Only one namespace edits storage directory (dfs.namenode.edits.dir) configured. Beware of data loss due to lack of redundant storage directories!
2019-09-16 11:13:18,690 WARN org.apache.hadoop.hdfs.server.common.Util: Path /services/hdfs/nameNode should be specified as a URI in configuration files. Please update hdfs configuration.
2019-09-16 11:13:18,690 WARN org.apache.hadoop.hdfs.server.common.Util: Path /services/hdfs/nameNode should be specified as a URI in configuration files. Please update hdfs configuration.
2019-09-16 11:13:18,710 INFO org.apache.hadoop.hdfs.server.namenode.FSEditLog: Edit logging is async:true
2019-09-16 11:13:18,716 INFO org.apache.hadoop.hdfs.server.namenode.FSNamesystem: KeyProvider: null
2019-09-16 11:13:18,717 INFO org.apache.hadoop.hdfs.server.namenode.FSNamesystem: fsLock is fair: true
2019-09-16 11:13:18,717 INFO org.apache.hadoop.hdfs.server.namenode.FSNamesystem: Detailed lock hold time metrics enabled: false
2019-09-16 11:13:18,720 INFO org.apache.hadoop.hdfs.server.namenode.FSNamesystem: fsOwner             = hadoop (auth:SIMPLE)
2019-09-16 11:13:18,720 INFO org.apache.hadoop.hdfs.server.namenode.FSNamesystem: supergroup          = supergroup
2019-09-16 11:13:18,720 INFO org.apache.hadoop.hdfs.server.namenode.FSNamesystem: isPermissionEnabled = true
2019-09-16 11:13:18,720 INFO org.apache.hadoop.hdfs.server.namenode.FSNamesystem: HA Enabled: false
2019-09-16 11:13:18,738 INFO org.apache.hadoop.hdfs.server.common.Util: dfs.datanode.fileio.profiling.sampling.percentage set to 0. Disabling file IO profiling
2019-09-16 11:13:18,748 INFO org.apache.hadoop.hdfs.server.blockmanagement.DatanodeManager: dfs.block.invalidate.limit: configured=1000, counted=60, effected=1000
2019-09-16 11:13:18,748 INFO org.apache.hadoop.hdfs.server.blockmanagement.DatanodeManager: dfs.namenode.datanode.registration.ip-hostname-check=true
2019-09-16 11:13:18,750 INFO org.apache.hadoop.hdfs.server.blockmanagement.BlockManager: dfs.namenode.startup.delay.block.deletion.sec is set to 000:00:00:00.000
2019-09-16 11:13:18,750 INFO org.apache.hadoop.hdfs.server.blockmanagement.BlockManager: The block deletion will start around 2019 set 16 11:13:18
2019-09-16 11:13:18,751 INFO org.apache.hadoop.util.GSet: Computing capacity for map BlocksMap
2019-09-16 11:13:18,751 INFO org.apache.hadoop.util.GSet: VM type       = 64-bit
2019-09-16 11:13:18,752 INFO org.apache.hadoop.util.GSet: 2.0% max memory 889 MB = 17.8 MB
2019-09-16 11:13:18,752 INFO org.apache.hadoop.util.GSet: capacity      = 2^21 = 2097152 entries
2019-09-16 11:13:18,761 INFO org.apache.hadoop.hdfs.server.blockmanagement.BlockManager: dfs.block.access.token.enable=false
2019-09-16 11:13:18,761 WARN org.apache.hadoop.conf.Configuration: No unit for dfs.heartbeat.interval(3) assuming SECONDS
2019-09-16 11:13:18,764 WARN org.apache.hadoop.conf.Configuration: No unit for dfs.namenode.safemode.extension(30000) assuming MILLISECONDS
2019-09-16 11:13:18,764 INFO org.apache.hadoop.hdfs.server.blockmanagement.BlockManagerSafeMode: dfs.namenode.safemode.threshold-pct = 0.9990000128746033
2019-09-16 11:13:18,764 INFO org.apache.hadoop.hdfs.server.blockmanagement.BlockManagerSafeMode: dfs.namenode.safemode.min.datanodes = 0
2019-09-16 11:13:18,764 INFO org.apache.hadoop.hdfs.server.blockmanagement.BlockManagerSafeMode: dfs.namenode.safemode.extension = 30000
2019-09-16 11:13:18,764 INFO org.apache.hadoop.hdfs.server.blockmanagement.BlockManager: defaultReplication         = 2
2019-09-16 11:13:18,764 INFO org.apache.hadoop.hdfs.server.blockmanagement.BlockManager: maxReplication             = 512
2019-09-16 11:13:18,764 INFO org.apache.hadoop.hdfs.server.blockmanagement.BlockManager: minReplication             = 1
2019-09-16 11:13:18,764 INFO org.apache.hadoop.hdfs.server.blockmanagement.BlockManager: maxReplicationStreams      = 2
2019-09-16 11:13:18,764 INFO org.apache.hadoop.hdfs.server.blockmanagement.BlockManager: replicationRecheckInterval = 3000
2019-09-16 11:13:18,764 INFO org.apache.hadoop.hdfs.server.blockmanagement.BlockManager: encryptDataTransfer        = false
2019-09-16 11:13:18,764 INFO org.apache.hadoop.hdfs.server.blockmanagement.BlockManager: maxNumBlocksToLog          = 1000
2019-09-16 11:13:18,765 INFO org.apache.hadoop.hdfs.server.namenode.FSNamesystem: Append Enabled: true
2019-09-16 11:13:18,802 INFO org.apache.hadoop.hdfs.server.namenode.FSDirectory: GLOBAL serial map: bits=24 maxEntries=16777215
2019-09-16 11:13:18,819 INFO org.apache.hadoop.util.GSet: Computing capacity for map INodeMap
2019-09-16 11:13:18,819 INFO org.apache.hadoop.util.GSet: VM type       = 64-bit
2019-09-16 11:13:18,819 INFO org.apache.hadoop.util.GSet: 1.0% max memory 889 MB = 8.9 MB
2019-09-16 11:13:18,819 INFO org.apache.hadoop.util.GSet: capacity      = 2^20 = 1048576 entries
2019-09-16 11:13:18,820 INFO org.apache.hadoop.hdfs.server.namenode.FSDirectory: ACLs enabled? false
2019-09-16 11:13:18,820 INFO org.apache.hadoop.hdfs.server.namenode.FSDirectory: XAttrs enabled? true
2019-09-16 11:13:18,820 INFO org.apache.hadoop.hdfs.server.namenode.NameNode: Caching file names occurring more than 10 times
2019-09-16 11:13:18,823 INFO org.apache.hadoop.hdfs.server.namenode.snapshot.SnapshotManager: Loaded config captureOpenFiles: falseskipCaptureAccessTimeOnlyChange: false
2019-09-16 11:13:18,832 INFO org.apache.hadoop.util.GSet: Computing capacity for map cachedBlocks
2019-09-16 11:13:18,832 INFO org.apache.hadoop.util.GSet: VM type       = 64-bit
2019-09-16 11:13:18,832 INFO org.apache.hadoop.util.GSet: 0.25% max memory 889 MB = 2.2 MB
2019-09-16 11:13:18,832 INFO org.apache.hadoop.util.GSet: capacity      = 2^18 = 262144 entries
2019-09-16 11:13:18,835 INFO org.apache.hadoop.hdfs.server.namenode.top.metrics.TopMetrics: NNTop conf: dfs.namenode.top.window.num.buckets = 10
2019-09-16 11:13:18,835 INFO org.apache.hadoop.hdfs.server.namenode.top.metrics.TopMetrics: NNTop conf: dfs.namenode.top.num.users = 10
2019-09-16 11:13:18,835 INFO org.apache.hadoop.hdfs.server.namenode.top.metrics.TopMetrics: NNTop conf: dfs.namenode.top.windows.minutes = 1,5,25
2019-09-16 11:13:18,839 INFO org.apache.hadoop.hdfs.server.namenode.FSNamesystem: Retry cache on namenode is enabled
2019-09-16 11:13:18,839 INFO org.apache.hadoop.hdfs.server.namenode.FSNamesystem: Retry cache will use 0.03 of total heap and retry cache entry expiry time is 600000 millis
2019-09-16 11:13:18,841 INFO org.apache.hadoop.util.GSet: Computing capacity for map NameNodeRetryCache
2019-09-16 11:13:18,841 INFO org.apache.hadoop.util.GSet: VM type       = 64-bit
2019-09-16 11:13:18,841 INFO org.apache.hadoop.util.GSet: 0.029999999329447746% max memory 889 MB = 273.1 KB
2019-09-16 11:13:18,841 INFO org.apache.hadoop.util.GSet: capacity      = 2^15 = 32768 entries
2019-09-16 11:13:18,858 INFO org.apache.hadoop.hdfs.server.common.Storage: Lock on /services/hdfs/nameNode/in_use.lock acquired by nodename 8428@hadoopmaster.solutis.net.br
2019-09-16 11:13:18,876 INFO org.apache.hadoop.hdfs.server.namenode.FileJournalManager: Recovering unfinalized segments in /services/hdfs/nameNode/current
2019-09-16 11:13:18,877 INFO org.apache.hadoop.hdfs.server.namenode.FSImage: No edit log streams selected.
2019-09-16 11:13:18,879 INFO org.apache.hadoop.hdfs.server.namenode.FSImage: Planning to load image: FSImageFile(file=/services/hdfs/nameNode/current/fsimage_0000000000000000000, cpktTxId=0000000000000000000)
2019-09-16 11:13:18,988 INFO org.apache.hadoop.hdfs.server.namenode.FSImageFormatPBINode: Loading 1 INodes.
2019-09-16 11:13:19,010 INFO org.apache.hadoop.hdfs.server.namenode.FSImageFormatProtobuf: Loaded FSImage in 0 seconds.
2019-09-16 11:13:19,011 INFO org.apache.hadoop.hdfs.server.namenode.FSImage: Loaded image for txid 0 from /services/hdfs/nameNode/current/fsimage_0000000000000000000
2019-09-16 11:13:19,016 INFO org.apache.hadoop.hdfs.server.namenode.FSNamesystem: Need to save fs image? false (staleImage=false, haEnabled=false, isRollingUpgrade=false)
2019-09-16 11:13:19,016 INFO org.apache.hadoop.hdfs.server.namenode.FSEditLog: Starting log segment at 1
2019-09-16 11:13:19,163 INFO org.apache.hadoop.hdfs.server.namenode.NameCache: initialized with 0 entries 0 lookups
2019-09-16 11:13:19,163 INFO org.apache.hadoop.hdfs.server.namenode.FSNamesystem: Finished loading FSImage in 320 msecs
2019-09-16 11:13:19,286 INFO org.apache.hadoop.hdfs.server.namenode.NameNode: RPC server is binding to hadoopmaster:9000
2019-09-16 11:13:19,290 INFO org.apache.hadoop.ipc.CallQueueManager: Using callQueue: class java.util.concurrent.LinkedBlockingQueue queueCapacity: 1000 scheduler: class org.apache.hadoop.ipc.DefaultRpcScheduler
2019-09-16 11:13:19,298 INFO org.apache.hadoop.ipc.Server: Starting Socket Reader #1 for port 9000
2019-09-16 11:13:19,400 INFO org.apache.hadoop.hdfs.server.namenode.FSNamesystem: Registered FSNamesystemState MBean
2019-09-16 11:13:19,400 WARN org.apache.hadoop.hdfs.server.common.Util: Path /services/hdfs/nameNode should be specified as a URI in configuration files. Please update hdfs configuration.
2019-09-16 11:13:19,406 INFO org.apache.hadoop.hdfs.server.namenode.LeaseManager: Number of blocks under construction: 0
2019-09-16 11:13:19,414 INFO org.apache.hadoop.hdfs.server.blockmanagement.BlockManager: initializing replication queues
2019-09-16 11:13:19,414 INFO org.apache.hadoop.hdfs.StateChange: STATE* Leaving safe mode after 0 secs
2019-09-16 11:13:19,414 INFO org.apache.hadoop.hdfs.StateChange: STATE* Network topology has 0 racks and 0 datanodes
2019-09-16 11:13:19,414 INFO org.apache.hadoop.hdfs.StateChange: STATE* UnderReplicatedBlocks has 0 blocks
2019-09-16 11:13:19,427 INFO org.apache.hadoop.hdfs.server.blockmanagement.BlockManager: Total number of blocks            = 0
2019-09-16 11:13:19,427 INFO org.apache.hadoop.hdfs.server.blockmanagement.BlockManager: Number of invalid blocks          = 0
2019-09-16 11:13:19,427 INFO org.apache.hadoop.hdfs.server.blockmanagement.BlockManager: Number of under-replicated blocks = 0
2019-09-16 11:13:19,427 INFO org.apache.hadoop.hdfs.server.blockmanagement.BlockManager: Number of  over-replicated blocks = 0
2019-09-16 11:13:19,427 INFO org.apache.hadoop.hdfs.server.blockmanagement.BlockManager: Number of blocks being written    = 0
2019-09-16 11:13:19,427 INFO org.apache.hadoop.hdfs.StateChange: STATE* Replication Queue initialization scan for invalid, over- and under-replicated blocks completed in 13 msec
2019-09-16 11:13:19,440 INFO org.apache.hadoop.ipc.Server: IPC Server Responder: starting
2019-09-16 11:13:19,441 INFO org.apache.hadoop.ipc.Server: IPC Server listener on 9000: starting
2019-09-16 11:13:19,443 INFO org.apache.hadoop.hdfs.server.namenode.NameNode: NameNode RPC up at: hadoopmaster/172.29.70.242:9000
2019-09-16 11:13:19,444 INFO org.apache.hadoop.hdfs.server.namenode.FSNamesystem: Starting services required for active state
2019-09-16 11:13:19,445 INFO org.apache.hadoop.hdfs.server.namenode.FSDirectory: Initializing quota with 4 thread(s)
2019-09-16 11:13:19,448 INFO org.apache.hadoop.hdfs.server.namenode.FSDirectory: Quota initialization completed in 3 milliseconds
name space=1
storage space=0
storage types=RAM_DISK=0, SSD=0, DISK=0, ARCHIVE=0
2019-09-16 11:13:19,456 INFO org.apache.hadoop.hdfs.server.blockmanagement.CacheReplicationMonitor: Starting CacheReplicationMonitor with interval 30000 milliseconds
2019-09-16 11:13:27,064 INFO org.apache.hadoop.hdfs.StateChange: BLOCK* registerDatanode: from DatanodeRegistration(172.29.0.110:50010, datanodeUuid=7c51dd9b-2967-48f1-a815-9050c14b3862, infoPort=50075, infoSecurePort=0, ipcPort=50020, storageInfo=lv=-57;cid=CID-9170de76-3ab6-49df-8590-a62f04bfa7d9;nsid=440657685;c=1568643196237) storage 7c51dd9b-2967-48f1-a815-9050c14b3862
2019-09-16 11:13:27,065 INFO org.apache.hadoop.net.NetworkTopology: Adding a new node: /default-rack/172.29.0.110:50010
2019-09-16 11:13:27,066 INFO org.apache.hadoop.hdfs.server.blockmanagement.BlockReportLeaseManager: Registered DN 7c51dd9b-2967-48f1-a815-9050c14b3862 (172.29.0.110:50010).
2019-09-16 11:13:27,120 INFO org.apache.hadoop.hdfs.server.blockmanagement.DatanodeDescriptor: Adding new storage ID DS-e4f87ce9-7fbf-4448-b89e-d322e6ab767b for DN 172.29.0.110:50010
2019-09-16 11:13:27,155 INFO BlockStateChange: BLOCK* processReport 0xec9bbb29e1d72954: Processing first storage report for DS-e4f87ce9-7fbf-4448-b89e-d322e6ab767b from datanode 7c51dd9b-2967-48f1-a815-9050c14b3862
2019-09-16 11:13:27,155 INFO BlockStateChange: BLOCK* processReport 0xec9bbb29e1d72954: from storage DS-e4f87ce9-7fbf-4448-b89e-d322e6ab767b node DatanodeRegistration(172.29.0.110:50010, datanodeUuid=7c51dd9b-2967-48f1-a815-9050c14b3862, infoPort=50075, infoSecurePort=0, ipcPort=50020, storageInfo=lv=-57;cid=CID-9170de76-3ab6-49df-8590-a62f04bfa7d9;nsid=440657685;c=1568643196237), blocks: 0, hasStaleStorage: false, processing time: 1 msecs, invalidatedBlocks: 0
2019-09-16 11:13:35,661 INFO org.apache.hadoop.hdfs.StateChange: STATE* Safe mode is already OFF
2019-09-16 11:14:30,822 INFO org.apache.hadoop.hdfs.server.namenode.FSNamesystem: Roll Edit Log from 172.29.70.242
2019-09-16 11:14:30,822 INFO org.apache.hadoop.hdfs.server.namenode.FSEditLog: Rolling edit logs
2019-09-16 11:14:30,822 INFO org.apache.hadoop.hdfs.server.namenode.FSEditLog: Ending log segment 1, 9
2019-09-16 11:14:30,823 INFO org.apache.hadoop.hdfs.server.namenode.FSEditLog: Number of transactions: 10 Total time for transactions(ms): 8 Number of transactions batched in Syncs: 2 Number of syncs: 8 SyncTimes(ms): 189 
2019-09-16 11:14:30,826 INFO org.apache.hadoop.hdfs.server.namenode.FSEditLog: Number of transactions: 10 Total time for transactions(ms): 8 Number of transactions batched in Syncs: 2 Number of syncs: 9 SyncTimes(ms): 192 
2019-09-16 11:14:30,827 INFO org.apache.hadoop.hdfs.server.namenode.FileJournalManager: Finalizing edits file /services/hdfs/nameNode/current/edits_inprogress_0000000000000000001 -> /services/hdfs/nameNode/current/edits_0000000000000000001-0000000000000000010
2019-09-16 11:14:30,851 INFO org.apache.hadoop.hdfs.server.namenode.FSEditLog: Starting log segment at 11
2019-09-16 11:14:31,193 INFO org.apache.hadoop.hdfs.server.namenode.TransferFsImage: Sending fileName: /services/hdfs/nameNode/current/fsimage_0000000000000000000, fileSize: 325. Sent total: 325 bytes. Size of last segment intended to send: -1 bytes.
2019-09-16 11:14:31,268 INFO org.apache.hadoop.hdfs.server.namenode.TransferFsImage: Sending fileName: /services/hdfs/nameNode/current/edits_0000000000000000001-0000000000000000010, fileSize: 520. Sent total: 520 bytes. Size of last segment intended to send: -1 bytes.
2019-09-16 11:14:31,548 INFO org.apache.hadoop.hdfs.server.namenode.TransferFsImage: Combined time for fsimage download and fsync to all disks took 0,00s. The fsimage download took 0,00s at 0,00 KB/s. Synchronous (fsync) write to disk of /services/hdfs/nameNode/current/fsimage.ckpt_0000000000000000010 took 0,00s.
2019-09-16 11:14:31,549 INFO org.apache.hadoop.hdfs.server.namenode.TransferFsImage: Downloaded file fsimage.ckpt_0000000000000000010 size 649 bytes.
2019-09-16 11:14:31,558 INFO org.apache.hadoop.hdfs.server.namenode.NNStorageRetentionManager: Going to retain 2 images with txid >= 0
