Spark Command: /usr/lib/jvm/java-8-openjdk-amd64/jre/bin/java -cp /services/spark/conf/:/services/spark/jars/*:/services/hadoop/etc/hadoop/:/services/hadoop/share/hadoop/common/lib/*:/services/hadoop/share/hadoop/common/*:/services/hadoop/share/hadoop/hdfs/:/services/hadoop/share/hadoop/hdfs/lib/*:/services/hadoop/share/hadoop/hdfs/*:/services/hadoop/share/hadoop/yarn/:/services/hadoop/share/hadoop/yarn/lib/*:/services/hadoop/share/hadoop/yarn/*:/services/hadoop/share/hadoop/mapreduce/lib/*:/services/hadoop/share/hadoop/mapreduce/*:/services/hadoop/contrib/capacity-scheduler/*.jar -Xmx1g org.apache.spark.deploy.master.Master --host hadoopmaster --port 7077 --webui-port 8080
========================================
SLF4J: Class path contains multiple SLF4J bindings.
SLF4J: Found binding in [jar:file:/services/spark/jars/slf4j-log4j12-1.7.16.jar!/org/slf4j/impl/StaticLoggerBinder.class]
SLF4J: Found binding in [jar:file:/services/hadoop/share/hadoop/common/lib/slf4j-log4j12-1.7.25.jar!/org/slf4j/impl/StaticLoggerBinder.class]
SLF4J: See http://www.slf4j.org/codes.html#multiple_bindings for an explanation.
SLF4J: Actual binding is of type [org.slf4j.impl.Log4jLoggerFactory]
2019-09-16 17:00:26 INFO  Master:2566 - Started daemon with process name: 28247@hadoopmaster
2019-09-16 17:00:26 INFO  SignalUtils:54 - Registered signal handler for TERM
2019-09-16 17:00:26 INFO  SignalUtils:54 - Registered signal handler for HUP
2019-09-16 17:00:26 INFO  SignalUtils:54 - Registered signal handler for INT
2019-09-16 17:00:26 INFO  SecurityManager:54 - Changing view acls to: hadoop
2019-09-16 17:00:26 INFO  SecurityManager:54 - Changing modify acls to: hadoop
2019-09-16 17:00:26 INFO  SecurityManager:54 - Changing view acls groups to: 
2019-09-16 17:00:26 INFO  SecurityManager:54 - Changing modify acls groups to: 
2019-09-16 17:00:26 INFO  SecurityManager:54 - SecurityManager: authentication disabled; ui acls disabled; users  with view permissions: Set(hadoop); groups with view permissions: Set(); users  with modify permissions: Set(hadoop); groups with modify permissions: Set()
2019-09-16 17:00:27 INFO  Utils:54 - Successfully started service 'sparkMaster' on port 7077.
2019-09-16 17:00:27 INFO  Master:54 - Starting Spark master at spark://hadoopmaster:7077
2019-09-16 17:00:27 INFO  Master:54 - Running Spark version 2.4.4
2019-09-16 17:00:27 INFO  log:192 - Logging initialized @1249ms
2019-09-16 17:00:27 INFO  Server:351 - jetty-9.3.z-SNAPSHOT, build timestamp: unknown, git hash: unknown
2019-09-16 17:00:27 INFO  Server:419 - Started @1326ms
2019-09-16 17:00:27 INFO  AbstractConnector:278 - Started ServerConnector@d261394{HTTP/1.1,[http/1.1]}{0.0.0.0:8080}
2019-09-16 17:00:27 INFO  Utils:54 - Successfully started service 'MasterUI' on port 8080.
2019-09-16 17:00:27 INFO  ContextHandler:781 - Started o.s.j.s.ServletContextHandler@42a1c76a{/app,null,AVAILABLE,@Spark}
2019-09-16 17:00:27 INFO  ContextHandler:781 - Started o.s.j.s.ServletContextHandler@218b7a8f{/app/json,null,AVAILABLE,@Spark}
2019-09-16 17:00:27 INFO  ContextHandler:781 - Started o.s.j.s.ServletContextHandler@26a37f28{/,null,AVAILABLE,@Spark}
2019-09-16 17:00:27 INFO  ContextHandler:781 - Started o.s.j.s.ServletContextHandler@58670a5e{/json,null,AVAILABLE,@Spark}
2019-09-16 17:00:27 INFO  ContextHandler:781 - Started o.s.j.s.ServletContextHandler@22c24cdf{/static,null,AVAILABLE,@Spark}
2019-09-16 17:00:27 INFO  ContextHandler:781 - Started o.s.j.s.ServletContextHandler@67ea4f34{/app/kill,null,AVAILABLE,@Spark}
2019-09-16 17:00:27 INFO  ContextHandler:781 - Started o.s.j.s.ServletContextHandler@4fa07acc{/driver/kill,null,AVAILABLE,@Spark}
2019-09-16 17:00:27 INFO  MasterWebUI:54 - Bound MasterWebUI to 0.0.0.0, and started at http://hadoopmaster.solutis.net.br:8080
2019-09-16 17:00:27 INFO  ContextHandler:781 - Started o.s.j.s.ServletContextHandler@520f052e{/metrics/master/json,null,AVAILABLE,@Spark}
2019-09-16 17:00:27 INFO  ContextHandler:781 - Started o.s.j.s.ServletContextHandler@79af6d78{/metrics/applications/json,null,AVAILABLE,@Spark}
2019-09-16 17:00:27 INFO  Master:54 - I have been elected leader! New state: ALIVE
2019-09-16 17:00:32 INFO  Master:54 - Registering worker 172.29.0.110:39087 with 16 cores, 6.6 GB RAM
2019-09-16 17:00:42 INFO  Master:54 - Registering worker 172.29.40.69:40636 with 1 cores, 1750.0 MB RAM
2019-09-16 17:15:26 ERROR Master:43 - RECEIVED SIGNAL TERM
